#
# A fatal error has been detected by the Java Runtime Environment:
#
#  SIGFPE (0x8) at pc=0x0000000116d944c8, pid=10559, tid=7939
#
# JRE version: OpenJDK Runtime Environment (14.0.2+12) (build 14.0.2+12-46)
# Java VM: OpenJDK 64-Bit Server VM (14.0.2+12-46, mixed mode, tiered, compressed oops, g1 gc, bsd-amd64)
# Problematic frame:
# j  uebungen.uebung3.Uebung3.main([Ljava/lang/String;)V+115
#
# No core dump will be written. Core dumps have been disabled. To enable core dumping, try "ulimit -c unlimited" before starting Java again
#
# If you would like to submit a bug report, please visit:
#   https://bugreport.java.com/bugreport/crash.jsp
#

---------------  S U M M A R Y ------------

Command Line: -Dfile.encoding=UTF-8 -XX:+ShowCodeDetailsInExceptionMessages uebungen.uebung3.Uebung3

Host: MacBookPro17,1 x86_64 2400 MHz, 8 cores, 16G, Darwin 20.3.0
Time: Thu Apr 29 17:23:24 2021 CEST elapsed time: 6 seconds (0d 0h 0m 6s)

---------------  T H R E A D  ---------------

Current thread (0x00007fcf1d809000):  JavaThread "main" [_thread_in_Java, id=7939, stack(0x000000030ceef000,0x000000030cfef000)]

Stack: [0x000000030ceef000,0x000000030cfef000],  sp=0x000000030cfeea78,  free space=1022k
Native frames: (J=compiled Java code, A=aot compiled Java code, j=interpreted, Vv=VM code, C=native code)
j  uebungen.uebung3.Uebung3.main([Ljava/lang/String;)V+115
v  ~StubRoutines::call_stub
V  [libjvm.dylib+0x34b706]  JavaCalls::call_helper(JavaValue*, methodHandle const&, JavaCallArguments*, Thread*)+0x256
V  [libjvm.dylib+0x38fdc9]  jni_invoke_static(JNIEnv_*, JavaValue*, _jobject*, JNICallType, _jmethodID*, JNI_ArgumentPusher*, Thread*)+0x11c
V  [libjvm.dylib+0x3936ac]  jni_CallStaticVoidMethod+0x1b3
C  [libjli.dylib+0x4a42]  JavaMain+0xab4
C  [libjli.dylib+0x6d4a]  ThreadJavaMain+0x9
C  [libsystem_pthread.dylib+0x6950]  _pthread_start+0xe0
C  [libsystem_pthread.dylib+0x247b]  thread_start+0xf


siginfo: si_signo: 8 (SIGFPE), si_code: 5 (FPE_FLTINV), si_addr: 0x0000000116d944c8

Register to memory mapping:

RAX=0x000000000000000c is an unknown value
RBX=0x000000000000006c is an unknown value
RCX=0x0 is NULL
RDX=0x0 is NULL
RSP=0x000000030cfeea78 is pointing into the stack for thread: 0x00007fcf1d809000
RBP=0x000000030cfeeac0 is pointing into the stack for thread: 0x00007fcf1d809000
RSI=0x000000030cfeea00 is pointing into the stack for thread: 0x00007fcf1d809000
RDI=0x0000000116d89ee7 is at code_begin+2343 in an Interpreter codelet
invoke return entry points  [0x0000000116d895c0, 0x0000000116d89fc0]  2560 bytes
R8 =0x0000000000000042 is an unknown value
R9 =0x000000070ff0e758 is an oop: java.io.FileDescriptor 
{0x000000070ff0e758} - klass: 'java/io/FileDescriptor'
R10=0x0000000111976f50: _ZN19TemplateInterpreter13_active_tableE+0x2000 in /Users/katsch/.p2/pool/plugins/org.eclipse.justj.openjdk.hotspot.jre.full.macosx.x86_64_14.0.2.v20200815-0932/jre/lib/server/libjvm.dylib at 0x0000000111000000
R11=0x000000030cfee5b8 is pointing into the stack for thread: 0x00007fcf1d809000
R12=0x0 is NULL
R13=0x0000000131980901 is pointing into metadata
R14=0x000000030cfeeaf8 is pointing into the stack for thread: 0x00007fcf1d809000
R15=0x00007fcf1d809000 is a thread


Registers:
RAX=0x000000000000000c, RBX=0x000000000000006c, RCX=0x0000000000000000, RDX=0x0000000000000000
RSP=0x000000030cfeea78, RBP=0x000000030cfeeac0, RSI=0x000000030cfeea00, RDI=0x0000000116d89ee7
R8 =0x0000000000000042, R9 =0x000000070ff0e758, R10=0x0000000111976f50, R11=0x000000030cfee5b8
R12=0x0000000000000000, R13=0x0000000131980901, R14=0x000000030cfeeaf8, R15=0x00007fcf1d809000
RIP=0x0000000116d944c8, EFLAGS=0x0000000000000a87, ERR=0x0000000000000000
  TRAPNO=0x0000000000000000

Top of Stack: (sp=0x000000030cfeea78)
0x000000030cfeea78:   000000030cfeea78 00000001319808fb
0x000000030cfeea88:   000000030cfeeaf8 0000000131980a28
0x000000030cfeea98:   0000000000000000 000000070fe09ca8
0x000000030cfeeaa8:   0000000131980998 0000000000000000
0x000000030cfeeab8:   000000030cfeeaf8 000000030cfeeb60
0x000000030cfeeac8:   0000000116d80947 0000000000000000
0x000000030cfeead8:   0000000000000000 000000070f39b038
0x000000030cfeeae8:   000000000000000c 000000070f61c3c0
0x000000030cfeeaf8:   000000070fe0aad8 0000000300001fa0
0x000000030cfeeb08:   00007fcf1d809000 000000030cfeee90
0x000000030cfeeb18:   000000030cfeee98 000000030cfeece0
0x000000030cfeeb28:   0000000000000001 000000030cfeebb8
0x000000030cfeeb38:   000000030cfeee98 000000030000000a
0x000000030cfeeb48:   0000000131980998 0000000116d8e100
0x000000030cfeeb58:   000000030cfeece8 000000030cfeec40
0x000000030cfeeb68:   000000011134b706 0000000000000001
0x000000030cfeeb78:   00007fcf1d809000 00007fcf1d809000
0x000000030cfeeb88:   00007fcf1c504a50 00007fcf1c504650
0x000000030cfeeb98:   00007fcf1c504660 00007fcf1c504738
0x000000030cfeeba8:   00000000000000d8 00007fcf1c504a90
0x000000030cfeebb8:   00007fcf1d809000 00007fcf1c505810
0x000000030cfeebc8:   0000000131980998 0000000000000000
0x000000030cfeebd8:   0000000000000000 0000000000000000
0x000000030cfeebe8:   0000000000000000 000000030cfeee90
0x000000030cfeebf8:   0000000000000000 0000000116d8e100
0x000000030cfeec08:   000000000000000f 0000000a0cfeec40
0x000000030cfeec18:   000000030cfeee90 000000030cfeeda0
0x000000030cfeec28:   00000001113a1d06 000000030cfeec58
0x000000030cfeec38:   00007fcf1d809000 000000030cfeed90
0x000000030cfeec48:   000000011138fdc9 0000000204896d20
0x000000030cfeec58:   00000001118e15f0 00007fcf110cdfc8
0x000000030cfeec68:   0000000000000015 0000000000000021 

Instructions: (pc=0x0000000116d944c8)
0x0000000116d943c8:   bd f6 79 11 01 00 00 00 6a 00 00 00 00 00 00 00
0x0000000116d943d8:   00 00 00 00 00 00 00 00 f3 0f 10 04 24 48 83 c4
0x0000000116d943e8:   08 f3 0f 59 04 24 48 83 c4 08 41 0f b6 5d 01 49
0x0000000116d943f8:   ff c5 49 ba 50 7f 97 11 01 00 00 00 41 ff 24 da
0x0000000116d94408:   00 00 00 00 00 00 00 00 00 00 00 00 00 00 00 00
0x0000000116d94418:   00 00 00 00 00 00 00 00 60 00 00 00 00 00 00 00
0x0000000116d94428:   c2 f6 79 11 01 00 00 00 6b 00 00 00 00 00 00 00
0x0000000116d94438:   00 00 00 00 00 00 00 00 f2 0f 10 04 24 48 83 c4
0x0000000116d94448:   10 f2 0f 59 04 24 48 83 c4 10 41 0f b6 5d 01 49
0x0000000116d94458:   ff c5 49 ba 50 87 97 11 01 00 00 00 41 ff 24 da
0x0000000116d94468:   00 00 00 00 00 00 00 00 00 00 00 00 00 00 00 00
0x0000000116d94478:   00 00 00 00 00 00 00 00 60 00 00 00 00 00 00 00
0x0000000116d94488:   c7 f6 79 11 01 00 00 00 6c 00 00 00 00 00 00 00
0x0000000116d94498:   00 00 00 00 00 00 00 00 8b 04 24 48 83 c4 08 8b
0x0000000116d944a8:   c8 8b 04 24 48 83 c4 08 81 f8 00 00 00 80 0f 85
0x0000000116d944b8:   0b 00 00 00 33 d2 83 f9 ff 0f 84 03 00 00 00 99
0x0000000116d944c8:   f7 f9 41 0f b6 5d 01 49 ff c5 49 ba 50 6f 97 11
0x0000000116d944d8:   01 00 00 00 41 ff 24 da 80 00 00 00 00 00 00 00
0x0000000116d944e8:   cc f6 79 11 01 00 00 00 6d 00 00 00 00 00 00 00
0x0000000116d944f8:   00 00 00 00 00 00 00 00 48 8b 04 24 48 83 c4 10
0x0000000116d94508:   48 8b c8 48 8b 04 24 48 83 c4 10 48 85 c9 0f 84
0x0000000116d94518:   d3 98 ff ff 48 3b 05 7d 47 a8 fa 0f 85 0c 00 00
0x0000000116d94528:   00 33 d2 48 83 f9 ff 0f 84 05 00 00 00 48 99 48
0x0000000116d94538:   f7 f9 41 0f b6 5d 01 49 ff c5 49 ba 50 77 97 11
0x0000000116d94548:   01 00 00 00 41 ff 24 da 00 00 00 00 00 00 00 00
0x0000000116d94558:   00 00 00 00 00 00 00 00 60 00 00 00 00 00 00 00
0x0000000116d94568:   d1 f6 79 11 01 00 00 00 6e 00 00 00 00 00 00 00
0x0000000116d94578:   00 00 00 00 00 00 00 00 f3 0f 10 04 24 48 83 c4
0x0000000116d94588:   08 0f 28 c8 f3 0f 10 04 24 48 83 c4 08 f3 0f 5e
0x0000000116d94598:   c1 41 0f b6 5d 01 49 ff c5 49 ba 50 7f 97 11 01
0x0000000116d945a8:   00 00 00 41 ff 24 da 90 00 00 00 00 00 00 00 00
0x0000000116d945b8:   00 00 00 00 00 00 00 00 60 00 00 00 00 00 00 00 


Stack slot to memory mapping:
stack at sp + 0 slots: 0x000000030cfeea78 is pointing into the stack for thread: 0x00007fcf1d809000
stack at sp + 1 slots: 0x00000001319808fb is pointing into metadata
stack at sp + 2 slots: 0x000000030cfeeaf8 is pointing into the stack for thread: 0x00007fcf1d809000
stack at sp + 3 slots: 0x0000000131980a28 is pointing into metadata
stack at sp + 4 slots: 0x0 is NULL
stack at sp + 5 slots: 0x000000070fe09ca8 is an oop: java.lang.Class 
{0x000000070fe09ca8} - klass: 'java/lang/Class'
stack at sp + 6 slots: {method} {0x0000000131980998} 'main' '([Ljava/lang/String;)V' in 'uebungen/uebung3/Uebung3'
stack at sp + 7 slots: 0x0 is NULL

idiv  108 idiv  [0x0000000116d944a0, 0x0000000116d944e0]  64 bytes
[MachCode]
  0x0000000116d944a0: 8b04 2448 | 83c4 088b | c88b 0424 | 4883 c408 | 81f8 0000 | 0080 0f85 | 0b00 0000 | 33d2 83f9 
  0x0000000116d944c0: ff0f 8403 | 0000 0099 | f7f9 410f | b65d 0149 | ffc5 49ba | 506f 9711 | 0100 0000 | 41ff 24da 
[/MachCode]

---------------  P R O C E S S  ---------------

Threads class SMR info:
_java_thread_list=0x00007fcf1c4df2f0, length=16, elements={
0x00007fcf1d809000, 0x00007fcf1c815000, 0x00007fcf1c816000, 0x00007fcf1d8ff800,
0x00007fcf1d906800, 0x00007fcf1d011800, 0x00007fcf1d917800, 0x00007fcefc808800,
0x00007fcf1c817000, 0x00007fcf1d015000, 0x00007fcf1e0b3800, 0x00007fcf1d8e7800,
0x00007fcf1d335800, 0x00007fcf1d35b800, 0x00007fcf1d362000, 0x00007fcf1c8f0800
}

Java Threads: ( => current thread )
=>0x00007fcf1d809000 JavaThread "main" [_thread_in_Java, id=7939, stack(0x000000030ceef000,0x000000030cfef000)]
  0x00007fcf1c815000 JavaThread "Reference Handler" daemon [_thread_blocked, id=14595, stack(0x000000030d604000,0x000000030d704000)]
  0x00007fcf1c816000 JavaThread "Finalizer" daemon [_thread_blocked, id=21763, stack(0x000000030d707000,0x000000030d807000)]
  0x00007fcf1d8ff800 JavaThread "Signal Dispatcher" daemon [_thread_blocked, id=41987, stack(0x000000030d91b000,0x000000030da1b000)]
  0x00007fcf1d906800 JavaThread "Service Thread" daemon [_thread_blocked, id=24835, stack(0x000000030da1e000,0x000000030db1e000)]
  0x00007fcf1d011800 JavaThread "C2 CompilerThread0" daemon [_thread_blocked, id=25347, stack(0x000000030db21000,0x000000030dc21000)]
  0x00007fcf1d917800 JavaThread "C1 CompilerThread0" daemon [_thread_blocked, id=40707, stack(0x000000030dc24000,0x000000030dd24000)]
  0x00007fcefc808800 JavaThread "Sweeper thread" daemon [_thread_blocked, id=39939, stack(0x000000030dd27000,0x000000030de27000)]
  0x00007fcf1c817000 JavaThread "Notification Thread" daemon [_thread_blocked, id=38915, stack(0x000000030de2a000,0x000000030df2a000)]
  0x00007fcf1d015000 JavaThread "Common-Cleaner" daemon [_thread_blocked, id=38147, stack(0x000000030e030000,0x000000030e130000)]
  0x00007fcf1e0b3800 JavaThread "AppKit Thread" daemon [_thread_in_native, id=515, stack(0x000000030c66c000,0x000000030ce6c000)]
  0x00007fcf1d8e7800 JavaThread "AWT-Shutdown" [_thread_blocked, id=45571, stack(0x000000030e133000,0x000000030e233000)]
  0x00007fcf1d335800 JavaThread "Java2D Queue Flusher" daemon [_thread_blocked, id=57619, stack(0x000000030e562000,0x000000030e662000)]
  0x00007fcf1d35b800 JavaThread "Java2D Disposer" daemon [_thread_blocked, id=61719, stack(0x000000030e665000,0x000000030e765000)]
  0x00007fcf1d362000 JavaThread "AWT-EventQueue-0" [_thread_blocked, id=87827, stack(0x000000030e768000,0x000000030e868000)]
  0x00007fcf1c8f0800 JavaThread "TimerQueue" daemon [_thread_blocked, id=171531, stack(0x000000030e8f3000,0x000000030e9f3000)]

Other Threads:
  0x00007fcf1d913000 VMThread "VM Thread" [stack: 0x000000030d501000,0x000000030d601000] [id=15619]
  0x00007fcf1d014000 WatcherThread [stack: 0x000000030df2d000,0x000000030e02d000] [id=38659]
  0x00007fcf1d83a000 GCTaskThread "GC Thread#0" [stack: 0x000000030cff2000,0x000000030d0f2000] [id=12547]
  0x00007fcf1e019000 ConcurrentGCThread "G1 Main Marker" [stack: 0x000000030d0f5000,0x000000030d1f5000] [id=17155]
  0x00007fcf1d83b000 ConcurrentGCThread "G1 Conc#0" [stack: 0x000000030d1f8000,0x000000030d2f8000] [id=16131]
  0x00007fcf1d8db800 ConcurrentGCThread "G1 Refine#0" [stack: 0x000000030d2fb000,0x000000030d3fb000] [id=15875]
  0x00007fcf1d8dc800 ConcurrentGCThread "G1 Young RemSet Sampling" [stack: 0x000000030d3fe000,0x000000030d4fe000] [id=13315]

Threads with active compile tasks:

VM state:not at safepoint (normal execution)

VM Mutex/Monitor currently owned by a thread: None

Heap address: 0x0000000700000000, size: 4096 MB, Compressed Oops mode: Zero based, Oop shift amount: 3
Narrow klass base: 0x0000000800000000, Narrow klass shift: 0
Compressed class space size: 1073741824 Address: 0x0000000800000000

Heap:
 garbage-first heap   total 262144K, used 11264K [0x0000000700000000, 0x0000000800000000)
  region size 1024K, 13 young (13312K), 0 survivors (0K)
 Metaspace       used 15903K, capacity 16158K, committed 16512K, reserved 1064960K
  class space    used 1677K, capacity 1804K, committed 1920K, reserved 1048576K
Heap Regions: E=young(eden), S=young(survivor), O=old, HS=humongous(starts), HC=humongous(continues), CS=collection set, F=free, OA=open archive, CA=closed archive, TAMS=top-at-mark-start (previous, next)
|   0|0x0000000700000000, 0x0000000700000000, 0x0000000700100000|  0%| F|  |TAMS 0x0000000700000000, 0x0000000700000000| Untracked 
|   1|0x0000000700100000, 0x0000000700100000, 0x0000000700200000|  0%| F|  |TAMS 0x0000000700100000, 0x0000000700100000| Untracked 
|   2|0x0000000700200000, 0x0000000700200000, 0x0000000700300000|  0%| F|  |TAMS 0x0000000700200000, 0x0000000700200000| Untracked 
|   3|0x0000000700300000, 0x0000000700300000, 0x0000000700400000|  0%| F|  |TAMS 0x0000000700300000, 0x0000000700300000| Untracked 
|   4|0x0000000700400000, 0x0000000700400000, 0x0000000700500000|  0%| F|  |TAMS 0x0000000700400000, 0x0000000700400000| Untracked 
|   5|0x0000000700500000, 0x0000000700500000, 0x0000000700600000|  0%| F|  |TAMS 0x0000000700500000, 0x0000000700500000| Untracked 
|   6|0x0000000700600000, 0x0000000700600000, 0x0000000700700000|  0%| F|  |TAMS 0x0000000700600000, 0x0000000700600000| Untracked 
|   7|0x0000000700700000, 0x0000000700700000, 0x0000000700800000|  0%| F|  |TAMS 0x0000000700700000, 0x0000000700700000| Untracked 
|   8|0x0000000700800000, 0x0000000700800000, 0x0000000700900000|  0%| F|  |TAMS 0x0000000700800000, 0x0000000700800000| Untracked 
|   9|0x0000000700900000, 0x0000000700900000, 0x0000000700a00000|  0%| F|  |TAMS 0x0000000700900000, 0x0000000700900000| Untracked 
|  10|0x0000000700a00000, 0x0000000700a00000, 0x0000000700b00000|  0%| F|  |TAMS 0x0000000700a00000, 0x0000000700a00000| Untracked 
|  11|0x0000000700b00000, 0x0000000700b00000, 0x0000000700c00000|  0%| F|  |TAMS 0x0000000700b00000, 0x0000000700b00000| Untracked 
|  12|0x0000000700c00000, 0x0000000700c00000, 0x0000000700d00000|  0%| F|  |TAMS 0x0000000700c00000, 0x0000000700c00000| Untracked 
|  13|0x0000000700d00000, 0x0000000700d00000, 0x0000000700e00000|  0%| F|  |TAMS 0x0000000700d00000, 0x0000000700d00000| Untracked 
|  14|0x0000000700e00000, 0x0000000700e00000, 0x0000000700f00000|  0%| F|  |TAMS 0x0000000700e00000, 0x0000000700e00000| Untracked 
|  15|0x0000000700f00000, 0x0000000700f00000, 0x0000000701000000|  0%| F|  |TAMS 0x0000000700f00000, 0x0000000700f00000| Untracked 
|  16|0x0000000701000000, 0x0000000701000000, 0x0000000701100000|  0%| F|  |TAMS 0x0000000701000000, 0x0000000701000000| Untracked 
|  17|0x0000000701100000, 0x0000000701100000, 0x0000000701200000|  0%| F|  |TAMS 0x0000000701100000, 0x0000000701100000| Untracked 
|  18|0x0000000701200000, 0x0000000701200000, 0x0000000701300000|  0%| F|  |TAMS 0x0000000701200000, 0x0000000701200000| Untracked 
|  19|0x0000000701300000, 0x0000000701300000, 0x0000000701400000|  0%| F|  |TAMS 0x0000000701300000, 0x0000000701300000| Untracked 
|  20|0x0000000701400000, 0x0000000701400000, 0x0000000701500000|  0%| F|  |TAMS 0x0000000701400000, 0x0000000701400000| Untracked 
|  21|0x0000000701500000, 0x0000000701500000, 0x0000000701600000|  0%| F|  |TAMS 0x0000000701500000, 0x0000000701500000| Untracked 
|  22|0x0000000701600000, 0x0000000701600000, 0x0000000701700000|  0%| F|  |TAMS 0x0000000701600000, 0x0000000701600000| Untracked 
|  23|0x0000000701700000, 0x0000000701700000, 0x0000000701800000|  0%| F|  |TAMS 0x0000000701700000, 0x0000000701700000| Untracked 
|  24|0x0000000701800000, 0x0000000701800000, 0x0000000701900000|  0%| F|  |TAMS 0x0000000701800000, 0x0000000701800000| Untracked 
|  25|0x0000000701900000, 0x0000000701900000, 0x0000000701a00000|  0%| F|  |TAMS 0x0000000701900000, 0x0000000701900000| Untracked 
|  26|0x0000000701a00000, 0x0000000701a00000, 0x0000000701b00000|  0%| F|  |TAMS 0x0000000701a00000, 0x0000000701a00000| Untracked 
|  27|0x0000000701b00000, 0x0000000701b00000, 0x0000000701c00000|  0%| F|  |TAMS 0x0000000701b00000, 0x0000000701b00000| Untracked 
|  28|0x0000000701c00000, 0x0000000701c00000, 0x0000000701d00000|  0%| F|  |TAMS 0x0000000701c00000, 0x0000000701c00000| Untracked 
|  29|0x0000000701d00000, 0x0000000701d00000, 0x0000000701e00000|  0%| F|  |TAMS 0x0000000701d00000, 0x0000000701d00000| Untracked 
|  30|0x0000000701e00000, 0x0000000701e00000, 0x0000000701f00000|  0%| F|  |TAMS 0x0000000701e00000, 0x0000000701e00000| Untracked 
|  31|0x0000000701f00000, 0x0000000701f00000, 0x0000000702000000|  0%| F|  |TAMS 0x0000000701f00000, 0x0000000701f00000| Untracked 
|  32|0x0000000702000000, 0x0000000702000000, 0x0000000702100000|  0%| F|  |TAMS 0x0000000702000000, 0x0000000702000000| Untracked 
|  33|0x0000000702100000, 0x0000000702100000, 0x0000000702200000|  0%| F|  |TAMS 0x0000000702100000, 0x0000000702100000| Untracked 
|  34|0x0000000702200000, 0x0000000702200000, 0x0000000702300000|  0%| F|  |TAMS 0x0000000702200000, 0x0000000702200000| Untracked 
|  35|0x0000000702300000, 0x0000000702300000, 0x0000000702400000|  0%| F|  |TAMS 0x0000000702300000, 0x0000000702300000| Untracked 
|  36|0x0000000702400000, 0x0000000702400000, 0x0000000702500000|  0%| F|  |TAMS 0x0000000702400000, 0x0000000702400000| Untracked 
|  37|0x0000000702500000, 0x0000000702500000, 0x0000000702600000|  0%| F|  |TAMS 0x0000000702500000, 0x0000000702500000| Untracked 
|  38|0x0000000702600000, 0x0000000702600000, 0x0000000702700000|  0%| F|  |TAMS 0x0000000702600000, 0x0000000702600000| Untracked 
|  39|0x0000000702700000, 0x0000000702700000, 0x0000000702800000|  0%| F|  |TAMS 0x0000000702700000, 0x0000000702700000| Untracked 
|  40|0x0000000702800000, 0x0000000702800000, 0x0000000702900000|  0%| F|  |TAMS 0x0000000702800000, 0x0000000702800000| Untracked 
|  41|0x0000000702900000, 0x0000000702900000, 0x0000000702a00000|  0%| F|  |TAMS 0x0000000702900000, 0x0000000702900000| Untracked 
|  42|0x0000000702a00000, 0x0000000702a00000, 0x0000000702b00000|  0%| F|  |TAMS 0x0000000702a00000, 0x0000000702a00000| Untracked 
|  43|0x0000000702b00000, 0x0000000702b00000, 0x0000000702c00000|  0%| F|  |TAMS 0x0000000702b00000, 0x0000000702b00000| Untracked 
|  44|0x0000000702c00000, 0x0000000702c00000, 0x0000000702d00000|  0%| F|  |TAMS 0x0000000702c00000, 0x0000000702c00000| Untracked 
|  45|0x0000000702d00000, 0x0000000702d00000, 0x0000000702e00000|  0%| F|  |TAMS 0x0000000702d00000, 0x0000000702d00000| Untracked 
|  46|0x0000000702e00000, 0x0000000702e00000, 0x0000000702f00000|  0%| F|  |TAMS 0x0000000702e00000, 0x0000000702e00000| Untracked 
|  47|0x0000000702f00000, 0x0000000702f00000, 0x0000000703000000|  0%| F|  |TAMS 0x0000000702f00000, 0x0000000702f00000| Untracked 
|  48|0x0000000703000000, 0x0000000703000000, 0x0000000703100000|  0%| F|  |TAMS 0x0000000703000000, 0x0000000703000000| Untracked 
|  49|0x0000000703100000, 0x0000000703100000, 0x0000000703200000|  0%| F|  |TAMS 0x0000000703100000, 0x0000000703100000| Untracked 
|  50|0x0000000703200000, 0x0000000703200000, 0x0000000703300000|  0%| F|  |TAMS 0x0000000703200000, 0x0000000703200000| Untracked 
|  51|0x0000000703300000, 0x0000000703300000, 0x0000000703400000|  0%| F|  |TAMS 0x0000000703300000, 0x0000000703300000| Untracked 
|  52|0x0000000703400000, 0x0000000703400000, 0x0000000703500000|  0%| F|  |TAMS 0x0000000703400000, 0x0000000703400000| Untracked 
|  53|0x0000000703500000, 0x0000000703500000, 0x0000000703600000|  0%| F|  |TAMS 0x0000000703500000, 0x0000000703500000| Untracked 
|  54|0x0000000703600000, 0x0000000703600000, 0x0000000703700000|  0%| F|  |TAMS 0x0000000703600000, 0x0000000703600000| Untracked 
|  55|0x0000000703700000, 0x0000000703700000, 0x0000000703800000|  0%| F|  |TAMS 0x0000000703700000, 0x0000000703700000| Untracked 
|  56|0x0000000703800000, 0x0000000703800000, 0x0000000703900000|  0%| F|  |TAMS 0x0000000703800000, 0x0000000703800000| Untracked 
|  57|0x0000000703900000, 0x0000000703900000, 0x0000000703a00000|  0%| F|  |TAMS 0x0000000703900000, 0x0000000703900000| Untracked 
|  58|0x0000000703a00000, 0x0000000703a00000, 0x0000000703b00000|  0%| F|  |TAMS 0x0000000703a00000, 0x0000000703a00000| Untracked 
|  59|0x0000000703b00000, 0x0000000703b00000, 0x0000000703c00000|  0%| F|  |TAMS 0x0000000703b00000, 0x0000000703b00000| Untracked 
|  60|0x0000000703c00000, 0x0000000703c00000, 0x0000000703d00000|  0%| F|  |TAMS 0x0000000703c00000, 0x0000000703c00000| Untracked 
|  61|0x0000000703d00000, 0x0000000703d00000, 0x0000000703e00000|  0%| F|  |TAMS 0x0000000703d00000, 0x0000000703d00000| Untracked 
|  62|0x0000000703e00000, 0x0000000703e00000, 0x0000000703f00000|  0%| F|  |TAMS 0x0000000703e00000, 0x0000000703e00000| Untracked 
|  63|0x0000000703f00000, 0x0000000703f00000, 0x0000000704000000|  0%| F|  |TAMS 0x0000000703f00000, 0x0000000703f00000| Untracked 
|  64|0x0000000704000000, 0x0000000704000000, 0x0000000704100000|  0%| F|  |TAMS 0x0000000704000000, 0x0000000704000000| Untracked 
|  65|0x0000000704100000, 0x0000000704100000, 0x0000000704200000|  0%| F|  |TAMS 0x0000000704100000, 0x0000000704100000| Untracked 
|  66|0x0000000704200000, 0x0000000704200000, 0x0000000704300000|  0%| F|  |TAMS 0x0000000704200000, 0x0000000704200000| Untracked 
|  67|0x0000000704300000, 0x0000000704300000, 0x0000000704400000|  0%| F|  |TAMS 0x0000000704300000, 0x0000000704300000| Untracked 
|  68|0x0000000704400000, 0x0000000704400000, 0x0000000704500000|  0%| F|  |TAMS 0x0000000704400000, 0x0000000704400000| Untracked 
|  69|0x0000000704500000, 0x0000000704500000, 0x0000000704600000|  0%| F|  |TAMS 0x0000000704500000, 0x0000000704500000| Untracked 
|  70|0x0000000704600000, 0x0000000704600000, 0x0000000704700000|  0%| F|  |TAMS 0x0000000704600000, 0x0000000704600000| Untracked 
|  71|0x0000000704700000, 0x0000000704700000, 0x0000000704800000|  0%| F|  |TAMS 0x0000000704700000, 0x0000000704700000| Untracked 
|  72|0x0000000704800000, 0x0000000704800000, 0x0000000704900000|  0%| F|  |TAMS 0x0000000704800000, 0x0000000704800000| Untracked 
|  73|0x0000000704900000, 0x0000000704900000, 0x0000000704a00000|  0%| F|  |TAMS 0x0000000704900000, 0x0000000704900000| Untracked 
|  74|0x0000000704a00000, 0x0000000704a00000, 0x0000000704b00000|  0%| F|  |TAMS 0x0000000704a00000, 0x0000000704a00000| Untracked 
|  75|0x0000000704b00000, 0x0000000704b00000, 0x0000000704c00000|  0%| F|  |TAMS 0x0000000704b00000, 0x0000000704b00000| Untracked 
|  76|0x0000000704c00000, 0x0000000704c00000, 0x0000000704d00000|  0%| F|  |TAMS 0x0000000704c00000, 0x0000000704c00000| Untracked 
|  77|0x0000000704d00000, 0x0000000704d00000, 0x0000000704e00000|  0%| F|  |TAMS 0x0000000704d00000, 0x0000000704d00000| Untracked 
|  78|0x0000000704e00000, 0x0000000704e00000, 0x0000000704f00000|  0%| F|  |TAMS 0x0000000704e00000, 0x0000000704e00000| Untracked 
|  79|0x0000000704f00000, 0x0000000704f00000, 0x0000000705000000|  0%| F|  |TAMS 0x0000000704f00000, 0x0000000704f00000| Untracked 
|  80|0x0000000705000000, 0x0000000705000000, 0x0000000705100000|  0%| F|  |TAMS 0x0000000705000000, 0x0000000705000000| Untracked 
|  81|0x0000000705100000, 0x0000000705100000, 0x0000000705200000|  0%| F|  |TAMS 0x0000000705100000, 0x0000000705100000| Untracked 
|  82|0x0000000705200000, 0x0000000705200000, 0x0000000705300000|  0%| F|  |TAMS 0x0000000705200000, 0x0000000705200000| Untracked 
|  83|0x0000000705300000, 0x0000000705300000, 0x0000000705400000|  0%| F|  |TAMS 0x0000000705300000, 0x0000000705300000| Untracked 
|  84|0x0000000705400000, 0x0000000705400000, 0x0000000705500000|  0%| F|  |TAMS 0x0000000705400000, 0x0000000705400000| Untracked 
|  85|0x0000000705500000, 0x0000000705500000, 0x0000000705600000|  0%| F|  |TAMS 0x0000000705500000, 0x0000000705500000| Untracked 
|  86|0x0000000705600000, 0x0000000705600000, 0x0000000705700000|  0%| F|  |TAMS 0x0000000705600000, 0x0000000705600000| Untracked 
|  87|0x0000000705700000, 0x0000000705700000, 0x0000000705800000|  0%| F|  |TAMS 0x0000000705700000, 0x0000000705700000| Untracked 
|  88|0x0000000705800000, 0x0000000705800000, 0x0000000705900000|  0%| F|  |TAMS 0x0000000705800000, 0x0000000705800000| Untracked 
|  89|0x0000000705900000, 0x0000000705900000, 0x0000000705a00000|  0%| F|  |TAMS 0x0000000705900000, 0x0000000705900000| Untracked 
|  90|0x0000000705a00000, 0x0000000705a00000, 0x0000000705b00000|  0%| F|  |TAMS 0x0000000705a00000, 0x0000000705a00000| Untracked 
|  91|0x0000000705b00000, 0x0000000705b00000, 0x0000000705c00000|  0%| F|  |TAMS 0x0000000705b00000, 0x0000000705b00000| Untracked 
|  92|0x0000000705c00000, 0x0000000705c00000, 0x0000000705d00000|  0%| F|  |TAMS 0x0000000705c00000, 0x0000000705c00000| Untracked 
|  93|0x0000000705d00000, 0x0000000705d00000, 0x0000000705e00000|  0%| F|  |TAMS 0x0000000705d00000, 0x0000000705d00000| Untracked 
|  94|0x0000000705e00000, 0x0000000705e00000, 0x0000000705f00000|  0%| F|  |TAMS 0x0000000705e00000, 0x0000000705e00000| Untracked 
|  95|0x0000000705f00000, 0x0000000705f00000, 0x0000000706000000|  0%| F|  |TAMS 0x0000000705f00000, 0x0000000705f00000| Untracked 
|  96|0x0000000706000000, 0x0000000706000000, 0x0000000706100000|  0%| F|  |TAMS 0x0000000706000000, 0x0000000706000000| Untracked 
|  97|0x0000000706100000, 0x0000000706100000, 0x0000000706200000|  0%| F|  |TAMS 0x0000000706100000, 0x0000000706100000| Untracked 
|  98|0x0000000706200000, 0x0000000706200000, 0x0000000706300000|  0%| F|  |TAMS 0x0000000706200000, 0x0000000706200000| Untracked 
|  99|0x0000000706300000, 0x0000000706300000, 0x0000000706400000|  0%| F|  |TAMS 0x0000000706300000, 0x0000000706300000| Untracked 
| 100|0x0000000706400000, 0x0000000706400000, 0x0000000706500000|  0%| F|  |TAMS 0x0000000706400000, 0x0000000706400000| Untracked 
| 101|0x0000000706500000, 0x0000000706500000, 0x0000000706600000|  0%| F|  |TAMS 0x0000000706500000, 0x0000000706500000| Untracked 
| 102|0x0000000706600000, 0x0000000706600000, 0x0000000706700000|  0%| F|  |TAMS 0x0000000706600000, 0x0000000706600000| Untracked 
| 103|0x0000000706700000, 0x0000000706700000, 0x0000000706800000|  0%| F|  |TAMS 0x0000000706700000, 0x0000000706700000| Untracked 
| 104|0x0000000706800000, 0x0000000706800000, 0x0000000706900000|  0%| F|  |TAMS 0x0000000706800000, 0x0000000706800000| Untracked 
| 105|0x0000000706900000, 0x0000000706900000, 0x0000000706a00000|  0%| F|  |TAMS 0x0000000706900000, 0x0000000706900000| Untracked 
| 106|0x0000000706a00000, 0x0000000706a00000, 0x0000000706b00000|  0%| F|  |TAMS 0x0000000706a00000, 0x0000000706a00000| Untracked 
| 107|0x0000000706b00000, 0x0000000706b00000, 0x0000000706c00000|  0%| F|  |TAMS 0x0000000706b00000, 0x0000000706b00000| Untracked 
| 108|0x0000000706c00000, 0x0000000706c00000, 0x0000000706d00000|  0%| F|  |TAMS 0x0000000706c00000, 0x0000000706c00000| Untracked 
| 109|0x0000000706d00000, 0x0000000706d00000, 0x0000000706e00000|  0%| F|  |TAMS 0x0000000706d00000, 0x0000000706d00000| Untracked 
| 110|0x0000000706e00000, 0x0000000706e00000, 0x0000000706f00000|  0%| F|  |TAMS 0x0000000706e00000, 0x0000000706e00000| Untracked 
| 111|0x0000000706f00000, 0x0000000706f00000, 0x0000000707000000|  0%| F|  |TAMS 0x0000000706f00000, 0x0000000706f00000| Untracked 
| 112|0x0000000707000000, 0x0000000707000000, 0x0000000707100000|  0%| F|  |TAMS 0x0000000707000000, 0x0000000707000000| Untracked 
| 113|0x0000000707100000, 0x0000000707100000, 0x0000000707200000|  0%| F|  |TAMS 0x0000000707100000, 0x0000000707100000| Untracked 
| 114|0x0000000707200000, 0x0000000707200000, 0x0000000707300000|  0%| F|  |TAMS 0x0000000707200000, 0x0000000707200000| Untracked 
| 115|0x0000000707300000, 0x0000000707300000, 0x0000000707400000|  0%| F|  |TAMS 0x0000000707300000, 0x0000000707300000| Untracked 
| 116|0x0000000707400000, 0x0000000707400000, 0x0000000707500000|  0%| F|  |TAMS 0x0000000707400000, 0x0000000707400000| Untracked 
| 117|0x0000000707500000, 0x0000000707500000, 0x0000000707600000|  0%| F|  |TAMS 0x0000000707500000, 0x0000000707500000| Untracked 
| 118|0x0000000707600000, 0x0000000707600000, 0x0000000707700000|  0%| F|  |TAMS 0x0000000707600000, 0x0000000707600000| Untracked 
| 119|0x0000000707700000, 0x0000000707700000, 0x0000000707800000|  0%| F|  |TAMS 0x0000000707700000, 0x0000000707700000| Untracked 
| 120|0x0000000707800000, 0x0000000707800000, 0x0000000707900000|  0%| F|  |TAMS 0x0000000707800000, 0x0000000707800000| Untracked 
| 121|0x0000000707900000, 0x0000000707900000, 0x0000000707a00000|  0%| F|  |TAMS 0x0000000707900000, 0x0000000707900000| Untracked 
| 122|0x0000000707a00000, 0x0000000707a00000, 0x0000000707b00000|  0%| F|  |TAMS 0x0000000707a00000, 0x0000000707a00000| Untracked 
| 123|0x0000000707b00000, 0x0000000707b00000, 0x0000000707c00000|  0%| F|  |TAMS 0x0000000707b00000, 0x0000000707b00000| Untracked 
| 124|0x0000000707c00000, 0x0000000707c00000, 0x0000000707d00000|  0%| F|  |TAMS 0x0000000707c00000, 0x0000000707c00000| Untracked 
| 125|0x0000000707d00000, 0x0000000707d00000, 0x0000000707e00000|  0%| F|  |TAMS 0x0000000707d00000, 0x0000000707d00000| Untracked 
| 126|0x0000000707e00000, 0x0000000707e00000, 0x0000000707f00000|  0%| F|  |TAMS 0x0000000707e00000, 0x0000000707e00000| Untracked 
| 127|0x0000000707f00000, 0x0000000707f00000, 0x0000000708000000|  0%| F|  |TAMS 0x0000000707f00000, 0x0000000707f00000| Untracked 
| 128|0x0000000708000000, 0x0000000708000000, 0x0000000708100000|  0%| F|  |TAMS 0x0000000708000000, 0x0000000708000000| Untracked 
| 129|0x0000000708100000, 0x0000000708100000, 0x0000000708200000|  0%| F|  |TAMS 0x0000000708100000, 0x0000000708100000| Untracked 
| 130|0x0000000708200000, 0x0000000708200000, 0x0000000708300000|  0%| F|  |TAMS 0x0000000708200000, 0x0000000708200000| Untracked 
| 131|0x0000000708300000, 0x0000000708300000, 0x0000000708400000|  0%| F|  |TAMS 0x0000000708300000, 0x0000000708300000| Untracked 
| 132|0x0000000708400000, 0x0000000708400000, 0x0000000708500000|  0%| F|  |TAMS 0x0000000708400000, 0x0000000708400000| Untracked 
| 133|0x0000000708500000, 0x0000000708500000, 0x0000000708600000|  0%| F|  |TAMS 0x0000000708500000, 0x0000000708500000| Untracked 
| 134|0x0000000708600000, 0x0000000708600000, 0x0000000708700000|  0%| F|  |TAMS 0x0000000708600000, 0x0000000708600000| Untracked 
| 135|0x0000000708700000, 0x0000000708700000, 0x0000000708800000|  0%| F|  |TAMS 0x0000000708700000, 0x0000000708700000| Untracked 
| 136|0x0000000708800000, 0x0000000708800000, 0x0000000708900000|  0%| F|  |TAMS 0x0000000708800000, 0x0000000708800000| Untracked 
| 137|0x0000000708900000, 0x0000000708900000, 0x0000000708a00000|  0%| F|  |TAMS 0x0000000708900000, 0x0000000708900000| Untracked 
| 138|0x0000000708a00000, 0x0000000708a00000, 0x0000000708b00000|  0%| F|  |TAMS 0x0000000708a00000, 0x0000000708a00000| Untracked 
| 139|0x0000000708b00000, 0x0000000708b00000, 0x0000000708c00000|  0%| F|  |TAMS 0x0000000708b00000, 0x0000000708b00000| Untracked 
| 140|0x0000000708c00000, 0x0000000708c00000, 0x0000000708d00000|  0%| F|  |TAMS 0x0000000708c00000, 0x0000000708c00000| Untracked 
| 141|0x0000000708d00000, 0x0000000708d00000, 0x0000000708e00000|  0%| F|  |TAMS 0x0000000708d00000, 0x0000000708d00000| Untracked 
| 142|0x0000000708e00000, 0x0000000708e00000, 0x0000000708f00000|  0%| F|  |TAMS 0x0000000708e00000, 0x0000000708e00000| Untracked 
| 143|0x0000000708f00000, 0x0000000708f00000, 0x0000000709000000|  0%| F|  |TAMS 0x0000000708f00000, 0x0000000708f00000| Untracked 
| 144|0x0000000709000000, 0x0000000709000000, 0x0000000709100000|  0%| F|  |TAMS 0x0000000709000000, 0x0000000709000000| Untracked 
| 145|0x0000000709100000, 0x0000000709100000, 0x0000000709200000|  0%| F|  |TAMS 0x0000000709100000, 0x0000000709100000| Untracked 
| 146|0x0000000709200000, 0x0000000709200000, 0x0000000709300000|  0%| F|  |TAMS 0x0000000709200000, 0x0000000709200000| Untracked 
| 147|0x0000000709300000, 0x0000000709300000, 0x0000000709400000|  0%| F|  |TAMS 0x0000000709300000, 0x0000000709300000| Untracked 
| 148|0x0000000709400000, 0x0000000709400000, 0x0000000709500000|  0%| F|  |TAMS 0x0000000709400000, 0x0000000709400000| Untracked 
| 149|0x0000000709500000, 0x0000000709500000, 0x0000000709600000|  0%| F|  |TAMS 0x0000000709500000, 0x0000000709500000| Untracked 
| 150|0x0000000709600000, 0x0000000709600000, 0x0000000709700000|  0%| F|  |TAMS 0x0000000709600000, 0x0000000709600000| Untracked 
| 151|0x0000000709700000, 0x0000000709700000, 0x0000000709800000|  0%| F|  |TAMS 0x0000000709700000, 0x0000000709700000| Untracked 
| 152|0x0000000709800000, 0x0000000709800000, 0x0000000709900000|  0%| F|  |TAMS 0x0000000709800000, 0x0000000709800000| Untracked 
| 153|0x0000000709900000, 0x0000000709900000, 0x0000000709a00000|  0%| F|  |TAMS 0x0000000709900000, 0x0000000709900000| Untracked 
| 154|0x0000000709a00000, 0x0000000709a00000, 0x0000000709b00000|  0%| F|  |TAMS 0x0000000709a00000, 0x0000000709a00000| Untracked 
| 155|0x0000000709b00000, 0x0000000709b00000, 0x0000000709c00000|  0%| F|  |TAMS 0x0000000709b00000, 0x0000000709b00000| Untracked 
| 156|0x0000000709c00000, 0x0000000709c00000, 0x0000000709d00000|  0%| F|  |TAMS 0x0000000709c00000, 0x0000000709c00000| Untracked 
| 157|0x0000000709d00000, 0x0000000709d00000, 0x0000000709e00000|  0%| F|  |TAMS 0x0000000709d00000, 0x0000000709d00000| Untracked 
| 158|0x0000000709e00000, 0x0000000709e00000, 0x0000000709f00000|  0%| F|  |TAMS 0x0000000709e00000, 0x0000000709e00000| Untracked 
| 159|0x0000000709f00000, 0x0000000709f00000, 0x000000070a000000|  0%| F|  |TAMS 0x0000000709f00000, 0x0000000709f00000| Untracked 
| 160|0x000000070a000000, 0x000000070a000000, 0x000000070a100000|  0%| F|  |TAMS 0x000000070a000000, 0x000000070a000000| Untracked 
| 161|0x000000070a100000, 0x000000070a100000, 0x000000070a200000|  0%| F|  |TAMS 0x000000070a100000, 0x000000070a100000| Untracked 
| 162|0x000000070a200000, 0x000000070a200000, 0x000000070a300000|  0%| F|  |TAMS 0x000000070a200000, 0x000000070a200000| Untracked 
| 163|0x000000070a300000, 0x000000070a300000, 0x000000070a400000|  0%| F|  |TAMS 0x000000070a300000, 0x000000070a300000| Untracked 
| 164|0x000000070a400000, 0x000000070a400000, 0x000000070a500000|  0%| F|  |TAMS 0x000000070a400000, 0x000000070a400000| Untracked 
| 165|0x000000070a500000, 0x000000070a500000, 0x000000070a600000|  0%| F|  |TAMS 0x000000070a500000, 0x000000070a500000| Untracked 
| 166|0x000000070a600000, 0x000000070a600000, 0x000000070a700000|  0%| F|  |TAMS 0x000000070a600000, 0x000000070a600000| Untracked 
| 167|0x000000070a700000, 0x000000070a700000, 0x000000070a800000|  0%| F|  |TAMS 0x000000070a700000, 0x000000070a700000| Untracked 
| 168|0x000000070a800000, 0x000000070a800000, 0x000000070a900000|  0%| F|  |TAMS 0x000000070a800000, 0x000000070a800000| Untracked 
| 169|0x000000070a900000, 0x000000070a900000, 0x000000070aa00000|  0%| F|  |TAMS 0x000000070a900000, 0x000000070a900000| Untracked 
| 170|0x000000070aa00000, 0x000000070aa00000, 0x000000070ab00000|  0%| F|  |TAMS 0x000000070aa00000, 0x000000070aa00000| Untracked 
| 171|0x000000070ab00000, 0x000000070ab00000, 0x000000070ac00000|  0%| F|  |TAMS 0x000000070ab00000, 0x000000070ab00000| Untracked 
| 172|0x000000070ac00000, 0x000000070ac00000, 0x000000070ad00000|  0%| F|  |TAMS 0x000000070ac00000, 0x000000070ac00000| Untracked 
| 173|0x000000070ad00000, 0x000000070ad00000, 0x000000070ae00000|  0%| F|  |TAMS 0x000000070ad00000, 0x000000070ad00000| Untracked 
| 174|0x000000070ae00000, 0x000000070ae00000, 0x000000070af00000|  0%| F|  |TAMS 0x000000070ae00000, 0x000000070ae00000| Untracked 
| 175|0x000000070af00000, 0x000000070af00000, 0x000000070b000000|  0%| F|  |TAMS 0x000000070af00000, 0x000000070af00000| Untracked 
| 176|0x000000070b000000, 0x000000070b000000, 0x000000070b100000|  0%| F|  |TAMS 0x000000070b000000, 0x000000070b000000| Untracked 
| 177|0x000000070b100000, 0x000000070b100000, 0x000000070b200000|  0%| F|  |TAMS 0x000000070b100000, 0x000000070b100000| Untracked 
| 178|0x000000070b200000, 0x000000070b200000, 0x000000070b300000|  0%| F|  |TAMS 0x000000070b200000, 0x000000070b200000| Untracked 
| 179|0x000000070b300000, 0x000000070b300000, 0x000000070b400000|  0%| F|  |TAMS 0x000000070b300000, 0x000000070b300000| Untracked 
| 180|0x000000070b400000, 0x000000070b400000, 0x000000070b500000|  0%| F|  |TAMS 0x000000070b400000, 0x000000070b400000| Untracked 
| 181|0x000000070b500000, 0x000000070b500000, 0x000000070b600000|  0%| F|  |TAMS 0x000000070b500000, 0x000000070b500000| Untracked 
| 182|0x000000070b600000, 0x000000070b600000, 0x000000070b700000|  0%| F|  |TAMS 0x000000070b600000, 0x000000070b600000| Untracked 
| 183|0x000000070b700000, 0x000000070b700000, 0x000000070b800000|  0%| F|  |TAMS 0x000000070b700000, 0x000000070b700000| Untracked 
| 184|0x000000070b800000, 0x000000070b800000, 0x000000070b900000|  0%| F|  |TAMS 0x000000070b800000, 0x000000070b800000| Untracked 
| 185|0x000000070b900000, 0x000000070b900000, 0x000000070ba00000|  0%| F|  |TAMS 0x000000070b900000, 0x000000070b900000| Untracked 
| 186|0x000000070ba00000, 0x000000070ba00000, 0x000000070bb00000|  0%| F|  |TAMS 0x000000070ba00000, 0x000000070ba00000| Untracked 
| 187|0x000000070bb00000, 0x000000070bb00000, 0x000000070bc00000|  0%| F|  |TAMS 0x000000070bb00000, 0x000000070bb00000| Untracked 
| 188|0x000000070bc00000, 0x000000070bc00000, 0x000000070bd00000|  0%| F|  |TAMS 0x000000070bc00000, 0x000000070bc00000| Untracked 
| 189|0x000000070bd00000, 0x000000070bd00000, 0x000000070be00000|  0%| F|  |TAMS 0x000000070bd00000, 0x000000070bd00000| Untracked 
| 190|0x000000070be00000, 0x000000070be00000, 0x000000070bf00000|  0%| F|  |TAMS 0x000000070be00000, 0x000000070be00000| Untracked 
| 191|0x000000070bf00000, 0x000000070bf00000, 0x000000070c000000|  0%| F|  |TAMS 0x000000070bf00000, 0x000000070bf00000| Untracked 
| 192|0x000000070c000000, 0x000000070c000000, 0x000000070c100000|  0%| F|  |TAMS 0x000000070c000000, 0x000000070c000000| Untracked 
| 193|0x000000070c100000, 0x000000070c100000, 0x000000070c200000|  0%| F|  |TAMS 0x000000070c100000, 0x000000070c100000| Untracked 
| 194|0x000000070c200000, 0x000000070c200000, 0x000000070c300000|  0%| F|  |TAMS 0x000000070c200000, 0x000000070c200000| Untracked 
| 195|0x000000070c300000, 0x000000070c300000, 0x000000070c400000|  0%| F|  |TAMS 0x000000070c300000, 0x000000070c300000| Untracked 
| 196|0x000000070c400000, 0x000000070c400000, 0x000000070c500000|  0%| F|  |TAMS 0x000000070c400000, 0x000000070c400000| Untracked 
| 197|0x000000070c500000, 0x000000070c500000, 0x000000070c600000|  0%| F|  |TAMS 0x000000070c500000, 0x000000070c500000| Untracked 
| 198|0x000000070c600000, 0x000000070c600000, 0x000000070c700000|  0%| F|  |TAMS 0x000000070c600000, 0x000000070c600000| Untracked 
| 199|0x000000070c700000, 0x000000070c700000, 0x000000070c800000|  0%| F|  |TAMS 0x000000070c700000, 0x000000070c700000| Untracked 
| 200|0x000000070c800000, 0x000000070c800000, 0x000000070c900000|  0%| F|  |TAMS 0x000000070c800000, 0x000000070c800000| Untracked 
| 201|0x000000070c900000, 0x000000070c900000, 0x000000070ca00000|  0%| F|  |TAMS 0x000000070c900000, 0x000000070c900000| Untracked 
| 202|0x000000070ca00000, 0x000000070ca00000, 0x000000070cb00000|  0%| F|  |TAMS 0x000000070ca00000, 0x000000070ca00000| Untracked 
| 203|0x000000070cb00000, 0x000000070cb00000, 0x000000070cc00000|  0%| F|  |TAMS 0x000000070cb00000, 0x000000070cb00000| Untracked 
| 204|0x000000070cc00000, 0x000000070cc00000, 0x000000070cd00000|  0%| F|  |TAMS 0x000000070cc00000, 0x000000070cc00000| Untracked 
| 205|0x000000070cd00000, 0x000000070cd00000, 0x000000070ce00000|  0%| F|  |TAMS 0x000000070cd00000, 0x000000070cd00000| Untracked 
| 206|0x000000070ce00000, 0x000000070ce00000, 0x000000070cf00000|  0%| F|  |TAMS 0x000000070ce00000, 0x000000070ce00000| Untracked 
| 207|0x000000070cf00000, 0x000000070cf00000, 0x000000070d000000|  0%| F|  |TAMS 0x000000070cf00000, 0x000000070cf00000| Untracked 
| 208|0x000000070d000000, 0x000000070d000000, 0x000000070d100000|  0%| F|  |TAMS 0x000000070d000000, 0x000000070d000000| Untracked 
| 209|0x000000070d100000, 0x000000070d100000, 0x000000070d200000|  0%| F|  |TAMS 0x000000070d100000, 0x000000070d100000| Untracked 
| 210|0x000000070d200000, 0x000000070d200000, 0x000000070d300000|  0%| F|  |TAMS 0x000000070d200000, 0x000000070d200000| Untracked 
| 211|0x000000070d300000, 0x000000070d300000, 0x000000070d400000|  0%| F|  |TAMS 0x000000070d300000, 0x000000070d300000| Untracked 
| 212|0x000000070d400000, 0x000000070d400000, 0x000000070d500000|  0%| F|  |TAMS 0x000000070d400000, 0x000000070d400000| Untracked 
| 213|0x000000070d500000, 0x000000070d500000, 0x000000070d600000|  0%| F|  |TAMS 0x000000070d500000, 0x000000070d500000| Untracked 
| 214|0x000000070d600000, 0x000000070d600000, 0x000000070d700000|  0%| F|  |TAMS 0x000000070d600000, 0x000000070d600000| Untracked 
| 215|0x000000070d700000, 0x000000070d700000, 0x000000070d800000|  0%| F|  |TAMS 0x000000070d700000, 0x000000070d700000| Untracked 
| 216|0x000000070d800000, 0x000000070d800000, 0x000000070d900000|  0%| F|  |TAMS 0x000000070d800000, 0x000000070d800000| Untracked 
| 217|0x000000070d900000, 0x000000070d900000, 0x000000070da00000|  0%| F|  |TAMS 0x000000070d900000, 0x000000070d900000| Untracked 
| 218|0x000000070da00000, 0x000000070da00000, 0x000000070db00000|  0%| F|  |TAMS 0x000000070da00000, 0x000000070da00000| Untracked 
| 219|0x000000070db00000, 0x000000070db00000, 0x000000070dc00000|  0%| F|  |TAMS 0x000000070db00000, 0x000000070db00000| Untracked 
| 220|0x000000070dc00000, 0x000000070dc00000, 0x000000070dd00000|  0%| F|  |TAMS 0x000000070dc00000, 0x000000070dc00000| Untracked 
| 221|0x000000070dd00000, 0x000000070dd00000, 0x000000070de00000|  0%| F|  |TAMS 0x000000070dd00000, 0x000000070dd00000| Untracked 
| 222|0x000000070de00000, 0x000000070de00000, 0x000000070df00000|  0%| F|  |TAMS 0x000000070de00000, 0x000000070de00000| Untracked 
| 223|0x000000070df00000, 0x000000070df00000, 0x000000070e000000|  0%| F|  |TAMS 0x000000070df00000, 0x000000070df00000| Untracked 
| 224|0x000000070e000000, 0x000000070e000000, 0x000000070e100000|  0%| F|  |TAMS 0x000000070e000000, 0x000000070e000000| Untracked 
| 225|0x000000070e100000, 0x000000070e100000, 0x000000070e200000|  0%| F|  |TAMS 0x000000070e100000, 0x000000070e100000| Untracked 
| 226|0x000000070e200000, 0x000000070e200000, 0x000000070e300000|  0%| F|  |TAMS 0x000000070e200000, 0x000000070e200000| Untracked 
| 227|0x000000070e300000, 0x000000070e300000, 0x000000070e400000|  0%| F|  |TAMS 0x000000070e300000, 0x000000070e300000| Untracked 
| 228|0x000000070e400000, 0x000000070e400000, 0x000000070e500000|  0%| F|  |TAMS 0x000000070e400000, 0x000000070e400000| Untracked 
| 229|0x000000070e500000, 0x000000070e500000, 0x000000070e600000|  0%| F|  |TAMS 0x000000070e500000, 0x000000070e500000| Untracked 
| 230|0x000000070e600000, 0x000000070e600000, 0x000000070e700000|  0%| F|  |TAMS 0x000000070e600000, 0x000000070e600000| Untracked 
| 231|0x000000070e700000, 0x000000070e700000, 0x000000070e800000|  0%| F|  |TAMS 0x000000070e700000, 0x000000070e700000| Untracked 
| 232|0x000000070e800000, 0x000000070e800000, 0x000000070e900000|  0%| F|  |TAMS 0x000000070e800000, 0x000000070e800000| Untracked 
| 233|0x000000070e900000, 0x000000070e900000, 0x000000070ea00000|  0%| F|  |TAMS 0x000000070e900000, 0x000000070e900000| Untracked 
| 234|0x000000070ea00000, 0x000000070ea00000, 0x000000070eb00000|  0%| F|  |TAMS 0x000000070ea00000, 0x000000070ea00000| Untracked 
| 235|0x000000070eb00000, 0x000000070eb00000, 0x000000070ec00000|  0%| F|  |TAMS 0x000000070eb00000, 0x000000070eb00000| Untracked 
| 236|0x000000070ec00000, 0x000000070ec00000, 0x000000070ed00000|  0%| F|  |TAMS 0x000000070ec00000, 0x000000070ec00000| Untracked 
| 237|0x000000070ed00000, 0x000000070ed00000, 0x000000070ee00000|  0%| F|  |TAMS 0x000000070ed00000, 0x000000070ed00000| Untracked 
| 238|0x000000070ee00000, 0x000000070ee00000, 0x000000070ef00000|  0%| F|  |TAMS 0x000000070ee00000, 0x000000070ee00000| Untracked 
| 239|0x000000070ef00000, 0x000000070ef00000, 0x000000070f000000|  0%| F|  |TAMS 0x000000070ef00000, 0x000000070ef00000| Untracked 
| 240|0x000000070f000000, 0x000000070f000000, 0x000000070f100000|  0%| F|  |TAMS 0x000000070f000000, 0x000000070f000000| Untracked 
| 241|0x000000070f100000, 0x000000070f100000, 0x000000070f200000|  0%| F|  |TAMS 0x000000070f100000, 0x000000070f100000| Untracked 
| 242|0x000000070f200000, 0x000000070f200000, 0x000000070f300000|  0%| F|  |TAMS 0x000000070f200000, 0x000000070f200000| Untracked 
| 243|0x000000070f300000, 0x000000070f3f6430, 0x000000070f400000| 96%| E|  |TAMS 0x000000070f300000, 0x000000070f300000| Complete 
| 244|0x000000070f400000, 0x000000070f500000, 0x000000070f500000|100%| E|CS|TAMS 0x000000070f400000, 0x000000070f400000| Complete 
| 245|0x000000070f500000, 0x000000070f600000, 0x000000070f600000|100%| E|  |TAMS 0x000000070f500000, 0x000000070f500000| Complete 
| 246|0x000000070f600000, 0x000000070f700000, 0x000000070f700000|100%| E|CS|TAMS 0x000000070f600000, 0x000000070f600000| Complete 
| 247|0x000000070f700000, 0x000000070f800000, 0x000000070f800000|100%| E|CS|TAMS 0x000000070f700000, 0x000000070f700000| Complete 
| 248|0x000000070f800000, 0x000000070f900000, 0x000000070f900000|100%| E|CS|TAMS 0x000000070f800000, 0x000000070f800000| Complete 
| 249|0x000000070f900000, 0x000000070fa00000, 0x000000070fa00000|100%| E|CS|TAMS 0x000000070f900000, 0x000000070f900000| Complete 
| 250|0x000000070fa00000, 0x000000070fb00000, 0x000000070fb00000|100%| E|CS|TAMS 0x000000070fa00000, 0x000000070fa00000| Complete 
| 251|0x000000070fb00000, 0x000000070fc00000, 0x000000070fc00000|100%| E|CS|TAMS 0x000000070fb00000, 0x000000070fb00000| Complete 
| 252|0x000000070fc00000, 0x000000070fd00000, 0x000000070fd00000|100%| E|CS|TAMS 0x000000070fc00000, 0x000000070fc00000| Complete 
| 253|0x000000070fd00000, 0x000000070fe00000, 0x000000070fe00000|100%| E|CS|TAMS 0x000000070fd00000, 0x000000070fd00000| Complete 
| 254|0x000000070fe00000, 0x000000070ff00000, 0x000000070ff00000|100%| E|CS|TAMS 0x000000070fe00000, 0x000000070fe00000| Complete 
| 255|0x000000070ff00000, 0x0000000710000000, 0x0000000710000000|100%| E|CS|TAMS 0x000000070ff00000, 0x000000070ff00000| Complete 

Card table byte_map: [0x0000000126580000,0x0000000126d80000] _byte_map_base: 0x0000000122d80000

Marking Bits (Prev, Next): (CMBitMap*) 0x00007fcf1e008618, (CMBitMap*) 0x00007fcf1e008658
 Prev Bits: [0x0000000127580000, 0x000000012b580000)
 Next Bits: [0x000000012b580000, 0x000000012f580000)

Polling page: 0x000000010457e000

Metaspace:

Usage:
  Non-class:     14.02 MB capacity,    13.89 MB (>99%) used,    98.19 KB ( <1%) free+waste,    29.94 KB ( <1%) overhead. 
      Class:      1.76 MB capacity,     1.64 MB ( 93%) used,   109.53 KB (  6%) free+waste,    16.81 KB ( <1%) overhead. 
       Both:     15.78 MB capacity,    15.53 MB ( 98%) used,   207.72 KB (  1%) free+waste,    46.75 KB ( <1%) overhead. 

Virtual space:
  Non-class space:       16.00 MB reserved,      14.25 MB ( 89%) committed 
      Class space:        1.00 GB reserved,       1.88 MB ( <1%) committed 
             Both:        1.02 GB reserved,      16.12 MB (  2%) committed 

Chunk freelists:
   Non-Class:  102.00 KB
       Class:  20.00 KB
        Both:  122.00 KB

MaxMetaspaceSize: unlimited
CompressedClassSpaceSize: 1.00 GB

CodeHeap 'non-profiled nmethods': size=120028Kb used=380Kb max_used=380Kb free=119647Kb
 bounds [0x000000011e849000, 0x000000011eab9000, 0x0000000125d80000]
CodeHeap 'profiled nmethods': size=120028Kb used=2568Kb max_used=2568Kb free=117459Kb
 bounds [0x0000000117312000, 0x00000001175a2000, 0x000000011e849000]
CodeHeap 'non-nmethods': size=5704Kb used=1327Kb max_used=1343Kb free=4377Kb
 bounds [0x0000000116d80000, 0x0000000116ff0000, 0x0000000117312000]
 total_blobs=2052 nmethods=1416 adapters=550
 compilation: enabled
              stopped_count=0, restarted_count=0
 full_count=0

Compilation events (20 events):
Event: 6.304 Thread 0x00007fcf1d917800 nmethod 1403 0x000000011e8a7790 code [0x000000011e8a7920, 0x000000011e8a79d0]
Event: 6.304 Thread 0x00007fcf1d917800 1404       1       javax.swing.AbstractButton::getIconTextGap (5 bytes)
Event: 6.304 Thread 0x00007fcf1d917800 nmethod 1404 0x000000011e8a7a90 code [0x000000011e8a7c20, 0x000000011e8a7cd0]
Event: 6.328 Thread 0x00007fcf1d917800 1405       3       java.lang.Math::min (12 bytes)
Event: 6.328 Thread 0x00007fcf1d917800 nmethod 1405 0x000000011758de10 code [0x000000011758dfa0, 0x000000011758e0d0]
Event: 6.329 Thread 0x00007fcf1d917800 1406       3       javax.swing.text.SegmentCache::getSharedInstance (4 bytes)
Event: 6.329 Thread 0x00007fcf1d917800 nmethod 1406 0x000000011758e190 code [0x000000011758e320, 0x000000011758e410]
Event: 6.329 Thread 0x00007fcf1d917800 1407       3       sun.java2d.pipe.Region::getIntersectionXYXY (57 bytes)
Event: 6.330 Thread 0x00007fcf1d917800 nmethod 1407 0x000000011758e490 code [0x000000011758e880, 0x000000011758f880]
Event: 6.330 Thread 0x00007fcf1d917800 1408       3       java.lang.Object::wait (6 bytes)
Event: 6.330 Thread 0x00007fcf1d917800 nmethod 1408 0x000000011758fc90 code [0x000000011758fe20, 0x000000011758ff40]
Event: 6.330 Thread 0x00007fcf1d917800 1409       3       sun.java2d.pipe.BufferedPaints::setPaint (125 bytes)
Event: 6.330 Thread 0x00007fcf1d917800 nmethod 1409 0x0000000117590010 code [0x0000000117590280, 0x0000000117590f80]
Event: 6.344 Thread 0x00007fcf1d917800 1410       3       java.awt.font.FontRenderContext::hashCode (71 bytes)
Event: 6.344 Thread 0x00007fcf1d917800 nmethod 1410 0x0000000117591390 code [0x00000001175915c0, 0x0000000117591f60]
Event: 6.398 Thread 0x00007fcf1d917800 1411       3       java.awt.Window::getBackground (5 bytes)
Event: 6.398 Thread 0x00007fcf1d917800 nmethod 1411 0x0000000117592210 code [0x00000001175923c0, 0x00000001175926a0]
Event: 6.414 Thread 0x00007fcf1d917800 1412       1       java.awt.Container::getLayout (5 bytes)
Event: 6.414 Thread 0x00007fcf1d917800 nmethod 1412 0x000000011e8a7d90 code [0x000000011e8a7f20, 0x000000011e8a7fd0]
Event: 6.414 Thread 0x00007fcf1d917800 1413   !   3       javax.swing.JComponent::putClientProperty (120 bytes)

GC Heap History (0 events):
No events

Deoptimization events (20 events):
Event: 1.711 Thread 0x00007fcf1d362000 Uncommon trap: trap_request=0xffffffde fr.pc=0x000000011e86733c relative=0x000000000000019c
Event: 1.711 Thread 0x00007fcf1d362000 Uncommon trap: reason=class_check action=maybe_recompile pc=0x000000011e86733c method=java.lang.String.equals(Ljava/lang/Object;)Z @ 8 c2
Event: 1.711 Thread 0x00007fcf1d362000 DEOPT PACKING pc=0x000000011e86733c sp=0x000000030e865c50
Event: 1.711 Thread 0x00007fcf1d362000 DEOPT UNPACKING pc=0x0000000116dc911f sp=0x000000030e865c18 mode 2
Event: 1.711 Thread 0x00007fcf1d362000 Uncommon trap: trap_request=0xffffffde fr.pc=0x000000011e86733c relative=0x000000000000019c
Event: 1.711 Thread 0x00007fcf1d362000 Uncommon trap: reason=class_check action=maybe_recompile pc=0x000000011e86733c method=java.lang.String.equals(Ljava/lang/Object;)Z @ 8 c2
Event: 1.711 Thread 0x00007fcf1d362000 DEOPT PACKING pc=0x000000011e86733c sp=0x000000030e865c90
Event: 1.711 Thread 0x00007fcf1d362000 DEOPT UNPACKING pc=0x0000000116dc911f sp=0x000000030e865c58 mode 2
Event: 3.055 Thread 0x00007fcf1d362000 Uncommon trap: trap_request=0xffffff45 fr.pc=0x000000011e891dbc relative=0x000000000000009c
Event: 3.055 Thread 0x00007fcf1d362000 Uncommon trap: reason=unstable_if action=reinterpret pc=0x000000011e891dbc method=java.awt.Component.inside(II)Z @ 9 c2
Event: 3.055 Thread 0x00007fcf1d362000 DEOPT PACKING pc=0x000000011e891dbc sp=0x000000030e866730
Event: 3.055 Thread 0x00007fcf1d362000 DEOPT UNPACKING pc=0x0000000116dc911f sp=0x000000030e8665e8 mode 2
Event: 3.560 Thread 0x00007fcf1d362000 Uncommon trap: trap_request=0xffffffc6 fr.pc=0x000000011e88fdf4 relative=0x0000000000000274
Event: 3.560 Thread 0x00007fcf1d362000 Uncommon trap: reason=bimorphic_or_optimized_type_check action=maybe_recompile pc=0x000000011e88fdf4 method=java.util.HashMap.getNode(ILjava/lang/Object;)Ljava/util/HashMap$Node; @ 126 c2
Event: 3.560 Thread 0x00007fcf1d362000 DEOPT PACKING pc=0x000000011e88fdf4 sp=0x000000030e865d10
Event: 3.561 Thread 0x00007fcf1d362000 DEOPT UNPACKING pc=0x0000000116dc911f sp=0x000000030e865cb0 mode 2
Event: 3.561 Thread 0x00007fcf1d362000 Uncommon trap: trap_request=0xffffffc6 fr.pc=0x000000011e88fdf4 relative=0x0000000000000274
Event: 3.561 Thread 0x00007fcf1d362000 Uncommon trap: reason=bimorphic_or_optimized_type_check action=maybe_recompile pc=0x000000011e88fdf4 method=java.util.HashMap.getNode(ILjava/lang/Object;)Ljava/util/HashMap$Node; @ 126 c2
Event: 3.561 Thread 0x00007fcf1d362000 DEOPT PACKING pc=0x000000011e88fdf4 sp=0x000000030e8658c0
Event: 3.561 Thread 0x00007fcf1d362000 DEOPT UNPACKING pc=0x0000000116dc911f sp=0x000000030e865860 mode 2

Classes unloaded (0 events):
No events

Classes redefined (0 events):
No events

Internal exceptions (20 events):
Event: 0.269 Thread 0x00007fcf1d809000 Exception <a 'java/lang/ClassNotFoundException'{0x000000070fdaede0}: sun/awt/resources/spi/awtosxProvider> (0x000000070fdaede0) 
thrown [./open/src/hotspot/share/classfile/systemDictionary.cpp, line 226]
Event: 0.425 Thread 0x00007fcf1d809000 Exception <a 'java/lang/NoSuchMethodError'{0x000000070fdc8ae0}: 'void java.lang.invoke.DirectMethodHandle$Holder.invokeStaticInit(java.lang.Object)'> (0x000000070fdc8ae0) 
thrown [./open/src/hotspot/share/interpreter/linkResolver.cpp, line 766]
Event: 0.440 Thread 0x00007fcf1d809000 Exception <a 'java/lang/NoSuchMethodError'{0x000000070fc029f8}: 'java.lang.Object java.lang.invoke.DirectMethodHandle$Holder.invokeStatic(java.lang.Object, int, java.lang.Object, java.lang.Object, java.lang.Object, java.lang.Object)'> (0x000000070fc029f8) 
thrown [./open/src/hotspot/share/interpreter/linkResolver.cpp, line 766]
Event: 0.444 Thread 0x00007fcf1d809000 Exception <a 'java/lang/NoSuchMethodError'{0x000000070fc09070}: 'java.lang.Object java.lang.invoke.DirectMethodHandle$Holder.invokeStatic(java.lang.Object, int, java.lang.Object, java.lang.Object, java.lang.Object)'> (0x000000070fc09070) 
thrown [./open/src/hotspot/share/interpreter/linkResolver.cpp, line 766]
Event: 0.445 Thread 0x00007fcf1d809000 Exception <a 'java/lang/NoSuchMethodError'{0x000000070fc0c8c0}: 'java.lang.Object java.lang.invoke.DirectMethodHandle$Holder.invokeSpecial(java.lang.Object, java.lang.Object, int, java.lang.Object, java.lang.Object, java.lang.Object)'> (0x000000070fc0c8c0) 
thrown [./open/src/hotspot/share/interpreter/linkResolver.cpp, line 766]
Event: 0.452 Thread 0x00007fcf1d809000 Exception <a 'java/lang/NoSuchMethodError'{0x000000070fc22c68}: 'java.lang.Object java.lang.invoke.DirectMethodHandle$Holder.invokeStatic(java.lang.Object, int, java.lang.Object)'> (0x000000070fc22c68) 
thrown [./open/src/hotspot/share/interpreter/linkResolver.cpp, line 766]
Event: 0.460 Thread 0x00007fcf1d809000 Exception <a 'java/lang/ClassNotFoundException'{0x000000070fc50008}: com/apple/laf/resources/spi/aquaProvider> (0x000000070fc50008) 
thrown [./open/src/hotspot/share/classfile/systemDictionary.cpp, line 226]
Event: 0.542 Thread 0x00007fcf1d809000 Exception <a 'java/lang/ClassNotFoundException'{0x000000070fcc2a30}: com/sun/swing/internal/plaf/basic/resources/spi/basicProvider> (0x000000070fcc2a30) 
thrown [./open/src/hotspot/share/classfile/systemDictionary.cpp, line 226]
Event: 1.458 Thread 0x00007fcf1d809000 Exception <a 'java/lang/NoSuchMethodError'{0x000000070fa153f0}: 'void java.lang.invoke.DirectMethodHandle$Holder.invokeSpecial(java.lang.Object, java.lang.Object)'> (0x000000070fa153f0) 
thrown [./open/src/hotspot/share/interpreter/linkResolver.cpp, line 766]
Event: 1.512 Thread 0x00007fcf1d809000 Exception <a 'java/lang/NoSuchMethodError'{0x000000070faee588}: 'java.lang.Object java.lang.invoke.Invokers$Holder.linkToTargetMethod(java.lang.Object, java.lang.Object, int, java.lang.Object, java.lang.Object)'> (0x000000070faee588) 
thrown [./open/src/hotspot/share/interpreter/linkResolver.cpp, line 766]
Event: 1.529 Thread 0x00007fcf1d809000 Exception <a 'java/lang/NoSuchMethodError'{0x000000070faf1ab8}: 'void java.lang.invoke.DirectMethodHandle$Holder.invokeStatic(java.lang.Object, int, long)'> (0x000000070faf1ab8) 
thrown [./open/src/hotspot/share/interpreter/linkResolver.cpp, line 766]
Event: 1.534 Thread 0x00007fcf1d362000 Exception <a 'java/lang/NoSuchMethodError'{0x000000070fa80160}: 'void java.lang.invoke.DirectMethodHandle$Holder.invokeStatic(java.lang.Object, long)'> (0x000000070fa80160) 
thrown [./open/src/hotspot/share/interpreter/linkResolver.cpp, line 766]
Event: 1.536 Thread 0x00007fcf1d809000 Exception <a 'java/lang/NoSuchMethodError'{0x000000070f906df0}: 'java.lang.Object java.lang.invoke.Invokers$Holder.linkToTargetMethod(int, int, int, int, java.lang.Object)'> (0x000000070f906df0) 
thrown [./open/src/hotspot/share/interpreter/linkResolver.cpp, line 766]
Event: 1.537 Thread 0x00007fcf1d809000 Exception <a 'java/lang/NoSuchMethodError'{0x000000070f9099d0}: 'void java.lang.invoke.DirectMethodHandle$Holder.invokeStatic(java.lang.Object, java.lang.Object, long)'> (0x000000070f9099d0) 
thrown [./open/src/hotspot/share/interpreter/linkResolver.cpp, line 766]
Event: 1.547 Thread 0x00007fcf1e0b3800 Exception <a 'java/lang/NoSuchMethodError'{0x000000070fb369f0}: 'void java.lang.invoke.DirectMethodHandle$Holder.invokeSpecial(java.lang.Object, java.lang.Object, long)'> (0x000000070fb369f0) 
thrown [./open/src/hotspot/share/interpreter/linkResolver.cpp, line 766]
Event: 1.616 Thread 0x00007fcf1d809000 Exception <a 'java/lang/NoSuchMethodError'{0x000000070f937ba0}: 'void java.lang.invoke.DirectMethodHandle$Holder.invokeStatic(java.lang.Object, long, long)'> (0x000000070f937ba0) 
thrown [./open/src/hotspot/share/interpreter/linkResolver.cpp, line 766]
Event: 1.618 Thread 0x00007fcf1d809000 Exception <a 'java/lang/NoSuchMethodError'{0x000000070f942e10}: 'java.lang.Object java.lang.invoke.Invokers$Holder.linkToTargetMethod(java.lang.Object, int, java.lang.Object)'> (0x000000070f942e10) 
thrown [./open/src/hotspot/share/interpreter/linkResolver.cpp, line 766]
Event: 1.673 Thread 0x00007fcf1d362000 Exception <a 'java/lang/NoSuchMethodError'{0x000000070f976d28}: 'java.lang.Object java.lang.invoke.DirectMethodHandle$Holder.invokeStatic(java.lang.Object, java.lang.Object, int, int)'> (0x000000070f976d28) 
thrown [./open/src/hotspot/share/interpreter/linkResolver.cpp, line 766]
Event: 1.678 Thread 0x00007fcf1d362000 Exception <a 'java/lang/NoSuchMethodError'{0x000000070f97cfc8}: 'java.lang.Object java.lang.invoke.Invokers$Holder.linkToTargetMethod(java.lang.Object, int, int, java.lang.Object)'> (0x000000070f97cfc8) 
thrown [./open/src/hotspot/share/interpreter/linkResolver.cpp, line 766]
Event: 1.679 Thread 0x00007fcf1d362000 Exception <a 'java/lang/NoSuchMethodError'{0x000000070f995590}: 'java.lang.Object java.lang.invoke.DirectMethodHandle$Holder.invokeStatic(java.lang.Object, java.lang.Object, int, int, int, int)'> (0x000000070f995590) 
thrown [./open/src/hotspot/share/interpreter/linkResolver.cpp, line 766]

Events (20 events):
Event: 3.673 Executing VM operation: HandshakeOneThread done
Event: 3.684 Executing VM operation: HandshakeOneThread
Event: 3.684 Executing VM operation: HandshakeOneThread done
Event: 3.693 Executing VM operation: HandshakeOneThread
Event: 3.693 Executing VM operation: HandshakeOneThread done
Event: 3.917 Loaded shared library /Users/katsch/.p2/pool/plugins/org.eclipse.justj.openjdk.hotspot.jre.full.macosx.x86_64_14.0.2.v20200815-0932/jre/lib/libawt_lwawt.dylib
Event: 5.299 Executing VM operation: HandshakeOneThread
Event: 5.299 Executing VM operation: HandshakeOneThread done
Event: 5.303 Executing VM operation: HandshakeOneThread
Event: 5.303 Executing VM operation: HandshakeOneThread done
Event: 5.304 Executing VM operation: HandshakeOneThread
Event: 5.304 Executing VM operation: HandshakeOneThread done
Event: 5.304 Executing VM operation: HandshakeOneThread
Event: 5.304 Executing VM operation: HandshakeOneThread done
Event: 6.413 Executing VM operation: HandshakeOneThread
Event: 6.413 Executing VM operation: HandshakeOneThread done
Event: 6.413 Executing VM operation: HandshakeOneThread
Event: 6.413 Executing VM operation: HandshakeOneThread done
Event: 6.414 Executing VM operation: HandshakeOneThread
Event: 6.414 Executing VM operation: HandshakeOneThread done


Dynamic libraries:
0x00007ffdffe3e000 	/Library/Apple/usr/libexec/oah/runtime
0x00007fff2a5da000 	/usr/lib/libz.1.dylib
0x000000010c822000 	/Users/katsch/.p2/pool/plugins/org.eclipse.justj.openjdk.hotspot.jre.full.macosx.x86_64_14.0.2.v20200815-0932/jre/lib/libjli.dylib
0x00007fff3528c000 	/System/Library/Frameworks/Cocoa.framework/Versions/A/Cocoa
0x00007fff22134000 	/System/Library/Frameworks/Security.framework/Versions/A/Security
0x00007fff33489000 	/System/Library/Frameworks/ApplicationServices.framework/Versions/A/ApplicationServices
0x00007fff2a6a6000 	/usr/lib/libSystem.B.dylib
0x00007fff2a6a0000 	/usr/lib/system/libcache.dylib
0x00007fff2a65c000 	/usr/lib/system/libcommonCrypto.dylib
0x00007fff2a686000 	/usr/lib/system/libcompiler_rt.dylib
0x00007fff2a67b000 	/usr/lib/system/libcopyfile.dylib
0x00007fff200d2000 	/usr/lib/system/libcorecrypto.dylib
0x00007fff2019f000 	/usr/lib/system/libdispatch.dylib
0x00007fff20354000 	/usr/lib/system/libdyld.dylib
0x00007fff2a697000 	/usr/lib/system/libkeymgr.dylib
0x00007fff2dc3b000 	/usr/lib/system/liblaunch.dylib
0x00007fff2a63a000 	/usr/lib/system/libmacho.dylib
0x00007fff29e4f000 	/usr/lib/system/libquarantine.dylib
0x00007fff2a694000 	/usr/lib/system/libremovefile.dylib
0x00007fff24acb000 	/usr/lib/system/libsystem_asl.dylib
0x00007fff20082000 	/usr/lib/system/libsystem_blocks.dylib
0x00007fff20221000 	/usr/lib/system/libsystem_c.dylib
0x00007fff2a68e000 	/usr/lib/system/libsystem_collections.dylib
0x00007fff2923c000 	/usr/lib/system/libsystem_configuration.dylib
0x00007fff2852b000 	/usr/lib/system/libsystem_containermanager.dylib
0x00007fff2a3d2000 	/usr/lib/system/libsystem_coreservices.dylib
0x00007fff226e8000 	/usr/lib/system/libsystem_darwin.dylib
0x00007fff2a698000 	/usr/lib/system/libsystem_dnssd.dylib
0x00007fff2021e000 	/usr/lib/system/libsystem_featureflags.dylib
0x00007fff20399000 	/usr/lib/system/libsystem_info.dylib
0x00007fff2a5ed000 	/usr/lib/system/libsystem_m.dylib
0x00007fff20172000 	/usr/lib/system/libsystem_malloc.dylib
0x00007fff24a5f000 	/usr/lib/system/libsystem_networkextension.dylib
0x00007fff22b03000 	/usr/lib/system/libsystem_notify.dylib
0x00007fff300ef000 	/usr/lib/system/libsystem_product_info_filter.dylib
0x00007fff29240000 	/usr/lib/system/libsystem_sandbox.dylib
0x00007fff2a691000 	/usr/lib/system/libsystem_secinit.dylib
0x00007fff20319000 	/usr/lib/system/libsystem_kernel.dylib
0x00007fff2038f000 	/usr/lib/system/libsystem_platform.dylib
0x00007fff20348000 	/usr/lib/system/libsystem_pthread.dylib
0x00007fff261f9000 	/usr/lib/system/libsystem_symptoms.dylib
0x00007fff200ba000 	/usr/lib/system/libsystem_trace.dylib
0x00007fff2a668000 	/usr/lib/system/libunwind.dylib
0x00007fff20084000 	/usr/lib/system/libxpc.dylib
0x00007fff20300000 	/usr/lib/libc++abi.dylib
0x00007fff201e4000 	/usr/lib/libobjc.A.dylib
0x00007fff2a673000 	/usr/lib/liboah.dylib
0x00007fff202aa000 	/usr/lib/libc++.1.dylib
0x00007fff203c5000 	/System/Library/Frameworks/CoreFoundation.framework/Versions/A/CoreFoundation
0x00007fff210a7000 	/System/Library/Frameworks/Foundation.framework/Versions/C/Foundation
0x00007fff22b5b000 	/System/Library/Frameworks/AppKit.framework/Versions/C/AppKit
0x00007fff25a19000 	/System/Library/Frameworks/CoreData.framework/Versions/A/CoreData
0x00007fff238be000 	/System/Library/PrivateFrameworks/UIFoundation.framework/Versions/A/UIFoundation
0x00007fff2fe68000 	/System/Library/PrivateFrameworks/RemoteViewServices.framework/Versions/A/RemoteViewServices
0x00007fff28bf5000 	/System/Library/PrivateFrameworks/XCTTargetBootstrap.framework/Versions/A/XCTTargetBootstrap
0x00007fff2b944000 	/usr/lib/libspindump.dylib
0x00007fff23b13000 	/System/Library/Frameworks/UniformTypeIdentifiers.framework/Versions/A/UniformTypeIdentifiers
0x00007fff273cb000 	/usr/lib/libapp_launch_measurement.dylib
0x00007fff273ce000 	/System/Library/PrivateFrameworks/CoreAutoLayout.framework/Versions/A/CoreAutoLayout
0x00007fff28557000 	/System/Library/Frameworks/Metal.framework/Versions/A/Metal
0x00007fff2924b000 	/usr/lib/liblangid.dylib
0x00007fff28bf9000 	/System/Library/PrivateFrameworks/CoreSVG.framework/Versions/A/CoreSVG
0x00007fff24afa000 	/System/Library/PrivateFrameworks/SkyLight.framework/Versions/A/SkyLight
0x00007fff24e61000 	/System/Library/Frameworks/CoreGraphics.framework/Versions/A/CoreGraphics
0x00007fff304bf000 	/System/Library/Frameworks/Accelerate.framework/Versions/A/Accelerate
0x00007fff2b37f000 	/System/Library/PrivateFrameworks/IconServices.framework/Versions/A/IconServices
0x00007fff2853c000 	/System/Library/Frameworks/IOSurface.framework/Versions/A/IOSurface
0x00007fff263ab000 	/usr/lib/libDiagnosticMessagesClient.dylib
0x00007fff28be1000 	/System/Library/PrivateFrameworks/DFRFoundation.framework/Versions/A/DFRFoundation
0x00007fff22486000 	/usr/lib/libicucore.A.dylib
0x00007fff2ce89000 	/System/Library/Frameworks/AudioToolbox.framework/Versions/A/AudioToolbox
0x00007fff2c12e000 	/System/Library/PrivateFrameworks/DataDetectorsCore.framework/Versions/A/DataDetectorsCore
0x00007fff288e1000 	/System/Library/Frameworks/Carbon.framework/Versions/A/Frameworks/HIToolbox.framework/Versions/A/HIToolbox
0x00007fff26e26000 	/System/Library/Frameworks/QuartzCore.framework/Versions/A/QuartzCore
0x00007fff2fea4000 	/System/Library/Frameworks/Carbon.framework/Versions/A/Frameworks/SpeechRecognition.framework/Versions/A/SpeechRecognition
0x00007fff27133000 	/System/Library/PrivateFrameworks/CoreUI.framework/Versions/A/CoreUI
0x00007fff21a8f000 	/System/Library/Frameworks/CoreAudio.framework/Versions/A/CoreAudio
0x00007fff26496000 	/System/Library/Frameworks/DiskArbitration.framework/Versions/A/DiskArbitration
0x00007fff2bd3e000 	/System/Library/PrivateFrameworks/MultitouchSupport.framework/Versions/A/MultitouchSupport
0x00007fff2c125000 	/System/Library/PrivateFrameworks/InternationalSupport.framework/Versions/A/InternationalSupport
0x00007fff24a6e000 	/usr/lib/libenergytrace.dylib
0x00007fff22a54000 	/System/Library/Frameworks/IOKit.framework/Versions/A/IOKit
0x00007fff301f1000 	/System/Library/Frameworks/CoreServices.framework/Versions/A/CoreServices
0x00007fff27361000 	/System/Library/PrivateFrameworks/PerformanceAnalysis.framework/Versions/A/PerformanceAnalysis
0x00007fff6cb67000 	/System/Library/Frameworks/OpenGL.framework/Versions/A/OpenGL
0x00007fff2c1aa000 	/System/Library/PrivateFrameworks/UserActivity.framework/Versions/A/UserActivity
0x00007fff2551b000 	/System/Library/Frameworks/ColorSync.framework/Versions/A/ColorSync
0x00007fff28e62000 	/System/Library/Frameworks/CoreImage.framework/Versions/A/CoreImage
0x00007fff218a6000 	/System/Library/Frameworks/CoreText.framework/Versions/A/CoreText
0x00007fff28c23000 	/System/Library/Frameworks/ImageIO.framework/Versions/A/ImageIO
0x00007fff2a6ac000 	/System/Library/PrivateFrameworks/SoftLinking.framework/Versions/A/SoftLinking
0x00007fff27417000 	/usr/lib/libxml2.2.dylib
0x00007fff2a91e000 	/usr/lib/libcompression.dylib
0x00007fff24a6f000 	/usr/lib/libMobileGestalt.dylib
0x00007fff2c058000 	/System/Library/PrivateFrameworks/TextureIO.framework/Versions/A/TextureIO
0x00007fff2b00c000 	/usr/lib/libate.dylib
0x00007fff2ad37000 	/usr/lib/liblzma.5.dylib
0x00007fff20dbb000 	/System/Library/Frameworks/SystemConfiguration.framework/Versions/A/SystemConfiguration
0x00007fff2a6a8000 	/usr/lib/libfakelink.dylib
0x00007fff245c1000 	/System/Library/Frameworks/CFNetwork.framework/Versions/A/CFNetwork
0x00007fff2a7e8000 	/usr/lib/libarchive.2.dylib
0x00007fff20e39000 	/usr/lib/libCRFSuite.dylib
0x00007fff29e76000 	/usr/lib/libbsm.0.dylib
0x00007fff23f7d000 	/usr/lib/libnetwork.dylib
0x00007fff2a6ad000 	/usr/lib/libpcap.A.dylib
0x00007fff261f2000 	/usr/lib/libdns_services.dylib
0x00007fff2ad50000 	/usr/lib/libcoretls_cfhelpers.dylib
0x00007fff2a8ec000 	/usr/lib/libapple_nghttp2.dylib
0x00007fff2a640000 	/usr/lib/system/libkxld.dylib
0x00007fff25e60000 	/usr/lib/libsqlite3.dylib
0x00007fff2a3b4000 	/System/Library/PrivateFrameworks/AppleFSCompression.framework/Versions/A/AppleFSCompression
0x00007fff29e5e000 	/usr/lib/libcoretls.dylib
0x00007fff2a919000 	/usr/lib/libpam.2.dylib
0x00007fff2ae4d000 	/usr/lib/libxar.1.dylib
0x00007fff29247000 	/System/Library/PrivateFrameworks/AppleSystemInfo.framework/Versions/A/AppleSystemInfo
0x00007fff29aa1000 	/System/Library/PrivateFrameworks/IOMobileFramebuffer.framework/Versions/A/IOMobileFramebuffer
0x00007fff2a3c4000 	/usr/lib/libbz2.1.0.dylib
0x00007fff2a6e5000 	/usr/lib/libiconv.2.dylib
0x00007fff2a639000 	/usr/lib/libcharset.1.dylib
0x00007fff2739d000 	/System/Library/Frameworks/CoreServices.framework/Versions/A/Frameworks/FSEvents.framework/Versions/A/FSEvents
0x00007fff226f2000 	/System/Library/Frameworks/CoreServices.framework/Versions/A/Frameworks/CarbonCore.framework/Versions/A/CarbonCore
0x00007fff263fb000 	/System/Library/Frameworks/CoreServices.framework/Versions/A/Frameworks/Metadata.framework/Versions/A/Metadata
0x00007fff2a3d7000 	/System/Library/Frameworks/CoreServices.framework/Versions/A/Frameworks/OSServices.framework/Versions/A/OSServices
0x00007fff2a85a000 	/System/Library/Frameworks/CoreServices.framework/Versions/A/Frameworks/SearchKit.framework/Versions/A/SearchKit
0x00007fff2617c000 	/System/Library/Frameworks/CoreServices.framework/Versions/A/Frameworks/AE.framework/Versions/A/AE
0x00007fff20861000 	/System/Library/Frameworks/CoreServices.framework/Versions/A/Frameworks/LaunchServices.framework/Versions/A/LaunchServices
0x00007fff2ace8000 	/System/Library/Frameworks/CoreServices.framework/Versions/A/Frameworks/DictionaryServices.framework/Versions/A/DictionaryServices
0x00007fff273a6000 	/System/Library/Frameworks/CoreServices.framework/Versions/A/Frameworks/SharedFileList.framework/Versions/A/SharedFileList
0x00007fff29e52000 	/usr/lib/libCheckFix.dylib
0x00007fff24ae2000 	/System/Library/PrivateFrameworks/TCC.framework/Versions/A/TCC
0x00007fff2924d000 	/System/Library/PrivateFrameworks/CoreNLP.framework/Versions/A/CoreNLP
0x00007fff263ae000 	/System/Library/PrivateFrameworks/MetadataUtilities.framework/Versions/A/MetadataUtilities
0x00007fff20e6f000 	/usr/lib/libmecabra.dylib
0x00007fff2a166000 	/System/Library/Frameworks/MLCompute.framework/Versions/A/MLCompute
0x00007fff29e87000 	/usr/lib/libmecab.dylib
0x00007fff29ed1000 	/usr/lib/libgermantok.dylib
0x00007fff2a8c2000 	/usr/lib/libThaiTokenizer.dylib
0x00007fff2ae88000 	/usr/lib/libChineseTokenizer.dylib
0x00007fff2a917000 	/System/Library/Frameworks/MetalPerformanceShaders.framework/Versions/A/MetalPerformanceShaders
0x00007fff2649d000 	/System/Library/Frameworks/Accelerate.framework/Versions/A/Frameworks/vImage.framework/Versions/A/vImage
0x00007fff301ca000 	/System/Library/Frameworks/Accelerate.framework/Versions/A/Frameworks/vecLib.framework/Versions/A/vecLib
0x00007fff2ae93000 	/System/Library/Frameworks/Accelerate.framework/Versions/A/Frameworks/vecLib.framework/Versions/A/libvMisc.dylib
0x00007fff298fd000 	/System/Library/Frameworks/Accelerate.framework/Versions/A/Frameworks/vecLib.framework/Versions/A/libvDSP.dylib
0x00007fff20b65000 	/System/Library/Frameworks/Accelerate.framework/Versions/A/Frameworks/vecLib.framework/Versions/A/libBLAS.dylib
0x00007fff2a93d000 	/System/Library/Frameworks/Accelerate.framework/Versions/A/Frameworks/vecLib.framework/Versions/A/libLAPACK.dylib
0x00007fff29ed7000 	/System/Library/Frameworks/Accelerate.framework/Versions/A/Frameworks/vecLib.framework/Versions/A/libLinearAlgebra.dylib
0x00007fff2a904000 	/System/Library/Frameworks/Accelerate.framework/Versions/A/Frameworks/vecLib.framework/Versions/A/libSparseBLAS.dylib
0x00007fff2a937000 	/System/Library/Frameworks/Accelerate.framework/Versions/A/Frameworks/vecLib.framework/Versions/A/libQuadrature.dylib
0x00007fff292f5000 	/System/Library/Frameworks/Accelerate.framework/Versions/A/Frameworks/vecLib.framework/Versions/A/libBNNS.dylib
0x00007fff20d4c000 	/System/Library/Frameworks/Accelerate.framework/Versions/A/Frameworks/vecLib.framework/Versions/A/libSparse.dylib
0x00007fff291e0000 	/System/Library/Frameworks/MetalPerformanceShaders.framework/Versions/A/Frameworks/MPSCore.framework/Versions/A/MPSCore
0x00007fff2a323000 	/System/Library/Frameworks/MetalPerformanceShaders.framework/Versions/A/Frameworks/MPSImage.framework/Versions/A/MPSImage
0x00007fff29eee000 	/System/Library/Frameworks/MetalPerformanceShaders.framework/Versions/A/Frameworks/MPSNeuralNetwork.framework/Versions/A/MPSNeuralNetwork
0x00007fff2a2ae000 	/System/Library/Frameworks/MetalPerformanceShaders.framework/Versions/A/Frameworks/MPSMatrix.framework/Versions/A/MPSMatrix
0x00007fff2a116000 	/System/Library/Frameworks/MetalPerformanceShaders.framework/Versions/A/Frameworks/MPSRayIntersector.framework/Versions/A/MPSRayIntersector
0x00007fff2a2e5000 	/System/Library/Frameworks/MetalPerformanceShaders.framework/Versions/A/Frameworks/MPSNDArray.framework/Versions/A/MPSNDArray
0x00007fff20a91000 	/System/Library/PrivateFrameworks/MetalTools.framework/Versions/A/MetalTools
0x00007fff29245000 	/System/Library/PrivateFrameworks/AggregateDictionary.framework/Versions/A/AggregateDictionary
0x00007fff26386000 	/System/Library/PrivateFrameworks/CoreAnalytics.framework/Versions/A/CoreAnalytics
0x00007fff2a8c4000 	/System/Library/PrivateFrameworks/AppleSauce.framework/Versions/A/AppleSauce
0x00007fff2854e000 	/System/Library/PrivateFrameworks/IOAccelerator.framework/Versions/A/IOAccelerator
0x00007fff6cb5b000 	/System/Library/Frameworks/OpenGL.framework/Versions/A/Libraries/libCoreFSCache.dylib
0x00007fff2140b000 	/System/Library/PrivateFrameworks/LanguageModeling.framework/Versions/A/LanguageModeling
0x00007fff29a8e000 	/System/Library/PrivateFrameworks/CoreEmoji.framework/Versions/A/CoreEmoji
0x00007fff292ee000 	/System/Library/PrivateFrameworks/LinguisticData.framework/Versions/A/LinguisticData
0x00007fff20cfe000 	/System/Library/PrivateFrameworks/Lexicon.framework/Versions/A/Lexicon
0x00007fff2a7d6000 	/usr/lib/libcmph.dylib
0x00007fff2737d000 	/System/Library/Frameworks/OpenDirectory.framework/Versions/A/Frameworks/CFOpenDirectory.framework/Versions/A/CFOpenDirectory
0x00007fff2736d000 	/System/Library/Frameworks/OpenDirectory.framework/Versions/A/OpenDirectory
0x00007fff2ad52000 	/System/Library/PrivateFrameworks/APFS.framework/Versions/A/APFS
0x00007fff29db3000 	/System/Library/Frameworks/SecurityFoundation.framework/Versions/A/SecurityFoundation
0x00007fff2ae5b000 	/usr/lib/libutil.dylib
0x00007fff22a19000 	/System/Library/PrivateFrameworks/CoreServicesStore.framework/Versions/A/CoreServicesStore
0x00007fff29e4a000 	/System/Library/Frameworks/ServiceManagement.framework/Versions/A/ServiceManagement
0x00007fff2ae5f000 	/usr/lib/libxslt.1.dylib
0x00007fff29e40000 	/System/Library/PrivateFrameworks/BackgroundTaskManagement.framework/Versions/A/BackgroundTaskManagement
0x00007fff2bfa3000 	/System/Library/Frameworks/ImageIO.framework/Versions/A/Resources/libRadiance.dylib
0x00007fff2bfac000 	/System/Library/Frameworks/ImageIO.framework/Versions/A/Resources/libJPEG.dylib
0x00007fff2bef8000 	/System/Library/Frameworks/ImageIO.framework/Versions/A/Resources/libPng.dylib
0x00007fff2bf1f000 	/System/Library/Frameworks/ImageIO.framework/Versions/A/Resources/libTIFF.dylib
0x00007fff2c001000 	/System/Library/Frameworks/ImageIO.framework/Versions/A/Resources/libGIF.dylib
0x00007fff2bc5c000 	/System/Library/Frameworks/ImageIO.framework/Versions/A/Resources/libJP2.dylib
0x00007fff2b346000 	/usr/lib/libexpat.1.dylib
0x00007fff2bc11000 	/System/Library/PrivateFrameworks/AppleJPEG.framework/Versions/A/AppleJPEG
0x00007fff28784000 	/System/Library/PrivateFrameworks/FontServices.framework/libFontParser.dylib
0x00007fff26130000 	/System/Library/PrivateFrameworks/RunningBoardServices.framework/Versions/A/RunningBoardServices
0x00007fff2bd3a000 	/System/Library/PrivateFrameworks/WatchdogClient.framework/Versions/A/WatchdogClient
0x00007fff214f8000 	/System/Library/Frameworks/CoreDisplay.framework/Versions/A/CoreDisplay
0x00007fff2869a000 	/System/Library/Frameworks/CoreMedia.framework/Versions/A/CoreMedia
0x00007fff274fa000 	/System/Library/Frameworks/CoreVideo.framework/Versions/A/CoreVideo
0x00007fff2bd72000 	/System/Library/Frameworks/VideoToolbox.framework/Versions/A/VideoToolbox
0x00007fff260ae000 	/System/Library/PrivateFrameworks/BaseBoard.framework/Versions/A/BaseBoard
0x00007fff2b48b000 	/System/Library/PrivateFrameworks/PersistentConnection.framework/Versions/A/PersistentConnection
0x00007fff25e49000 	/System/Library/PrivateFrameworks/ProtocolBuffer.framework/Versions/A/ProtocolBuffer
0x00007fff26095000 	/System/Library/PrivateFrameworks/CommonUtilities.framework/Versions/A/CommonUtilities
0x00007fff2bba6000 	/System/Library/PrivateFrameworks/Bom.framework/Versions/A/Bom
0x00007fff2bf9c000 	/System/Library/PrivateFrameworks/GPUWrangler.framework/Versions/A/GPUWrangler
0x00007fff2bf7f000 	/System/Library/PrivateFrameworks/IOPresentment.framework/Versions/A/IOPresentment
0x00007fff2bfa6000 	/System/Library/PrivateFrameworks/DSExternalDisplay.framework/Versions/A/DSExternalDisplay
0x00007fff2c006000 	/System/Library/PrivateFrameworks/CMCaptureCore.framework/Versions/A/CMCaptureCore
0x00007fff2b92b000 	/System/Library/PrivateFrameworks/AppServerSupport.framework/Versions/A/AppServerSupport
0x00007fff2d9da000 	/System/Library/PrivateFrameworks/perfdata.framework/Versions/A/perfdata
0x00007fff29da2000 	/System/Library/PrivateFrameworks/AssertionServices.framework/Versions/A/AssertionServices
0x00007fff2162f000 	/System/Library/PrivateFrameworks/AudioToolboxCore.framework/Versions/A/AudioToolboxCore
0x00007fff2867d000 	/System/Library/PrivateFrameworks/caulk.framework/Versions/A/caulk
0x00007fff3d685000 	/System/Library/PrivateFrameworks/SystemPolicy.framework/Versions/A/SystemPolicy
0x00007fff2b13b000 	/usr/lib/libIOReport.dylib
0x00007fff2d1fc000 	/usr/lib/libSMC.dylib
0x00007fff2bec5000 	/usr/lib/libAudioToolboxUtility.dylib
0x00007fff3dfef000 	/usr/lib/libmis.dylib
0x00007fff6cbb7000 	/System/Library/Frameworks/OpenGL.framework/Versions/A/Libraries/libGLU.dylib
0x00007fff6cb7a000 	/System/Library/Frameworks/OpenGL.framework/Versions/A/Libraries/libGFXShared.dylib
0x00007fff6cd89000 	/System/Library/Frameworks/OpenGL.framework/Versions/A/Libraries/libGL.dylib
0x00007fff6cb83000 	/System/Library/Frameworks/OpenGL.framework/Versions/A/Libraries/libGLImage.dylib
0x00007fff6cb77000 	/System/Library/Frameworks/OpenGL.framework/Versions/A/Libraries/libCVMSPluginSupport.dylib
0x00007fff6cb62000 	/System/Library/Frameworks/OpenGL.framework/Versions/A/Libraries/libCoreVMClient.dylib
0x00007fff6e1ca000 	/System/Library/Frameworks/OpenCL.framework/Versions/A/OpenCL
0x00007fff2b4b5000 	/System/Library/PrivateFrameworks/GraphVisualizer.framework/Versions/A/GraphVisualizer
0x00007fff2b4c4000 	/System/Library/PrivateFrameworks/FaceCore.framework/Versions/A/FaceCore
0x00007fff2b8e0000 	/System/Library/PrivateFrameworks/OTSVG.framework/Versions/A/OTSVG
0x00007fff270f1000 	/System/Library/Frameworks/ApplicationServices.framework/Versions/A/Frameworks/ATS.framework/Versions/A/Resources/libFontRegistry.dylib
0x00007fff2b932000 	/System/Library/PrivateFrameworks/FontServices.framework/libhvf.dylib
0x00007fff2b2f2000 	/System/Library/PrivateFrameworks/AppleVA.framework/Versions/A/AppleVA
0x00007fff2d045000 	/System/Library/Frameworks/ApplicationServices.framework/Versions/A/Frameworks/ATS.framework/Versions/A/ATS
0x00007fff2d357000 	/System/Library/Frameworks/ApplicationServices.framework/Versions/A/Frameworks/ColorSyncLegacy.framework/Versions/A/ColorSyncLegacy
0x00007fff25612000 	/System/Library/Frameworks/ApplicationServices.framework/Versions/A/Frameworks/HIServices.framework/Versions/A/HIServices
0x00007fff2d33c000 	/System/Library/Frameworks/ApplicationServices.framework/Versions/A/Frameworks/LangAnalysis.framework/Versions/A/LangAnalysis
0x00007fff2c010000 	/System/Library/Frameworks/ApplicationServices.framework/Versions/A/Frameworks/PrintCore.framework/Versions/A/PrintCore
0x00007fff2d35f000 	/System/Library/Frameworks/ApplicationServices.framework/Versions/A/Frameworks/QD.framework/Versions/A/QD
0x00007fff2d035000 	/System/Library/Frameworks/ApplicationServices.framework/Versions/A/Frameworks/SpeechSynthesis.framework/Versions/A/SpeechSynthesis
0x00007fff2bfd1000 	/System/Library/Frameworks/ApplicationServices.framework/Versions/A/Frameworks/ATSUI.framework/Versions/A/ATSUI
0x00007fff2d2dc000 	/usr/lib/libcups.2.dylib
0x00007fff2d34c000 	/System/Library/PrivateFrameworks/NetAuth.framework/Versions/A/NetAuth
0x00007fff2d9f6000 	/System/Library/Frameworks/Kerberos.framework/Versions/A/Kerberos
0x00007fff2da06000 	/System/Library/Frameworks/GSS.framework/Versions/A/GSS
0x00007fff2d0b1000 	/usr/lib/libresolv.9.dylib
0x00007fff2b947000 	/System/Library/PrivateFrameworks/Heimdal.framework/Versions/A/Heimdal
0x00007fff3378a000 	/System/Library/Frameworks/Kerberos.framework/Versions/A/Libraries/libHeimdalProxy.dylib
0x00007fff26201000 	/System/Library/Frameworks/Network.framework/Versions/A/Network
0x00007fff2b360000 	/usr/lib/libheimdal-asn1.dylib
0x00007fff2da56000 	/System/Library/PrivateFrameworks/CommonAuth.framework/Versions/A/CommonAuth
0x00007fff27547000 	/System/Library/PrivateFrameworks/login.framework/Versions/A/Frameworks/loginsupport.framework/Versions/A/loginsupport
0x00007fff2cfba000 	/System/Library/PrivateFrameworks/AudioSession.framework/Versions/A/AudioSession
0x00007fff2d022000 	/usr/lib/libAudioStatistics.dylib
0x00007fff2b3ed000 	/System/Library/PrivateFrameworks/MediaExperience.framework/Versions/A/MediaExperience
0x00007fff2ce57000 	/System/Library/PrivateFrameworks/AudioSession.framework/libSessionUtility.dylib
0x00007fff2d9e7000 	/usr/lib/libperfcheck.dylib
0x00007fff2d36b000 	/System/Library/PrivateFrameworks/AudioResourceArbitration.framework/Versions/A/AudioResourceArbitration
0x00007fff2b36a000 	/System/Library/PrivateFrameworks/IconFoundation.framework/Versions/A/IconFoundation
0x00007fff2fe94000 	/System/Library/PrivateFrameworks/SpeechRecognitionCore.framework/Versions/A/SpeechRecognitionCore
0x0000000111000000 	/Users/katsch/.p2/pool/plugins/org.eclipse.justj.openjdk.hotspot.jre.full.macosx.x86_64_14.0.2.v20200815-0932/jre/lib/server/libjvm.dylib
0x000000010c8ac000 	/Users/katsch/.p2/pool/plugins/org.eclipse.justj.openjdk.hotspot.jre.full.macosx.x86_64_14.0.2.v20200815-0932/jre/lib/libjimage.dylib
0x000000010c90c000 	/Users/katsch/.p2/pool/plugins/org.eclipse.justj.openjdk.hotspot.jre.full.macosx.x86_64_14.0.2.v20200815-0932/jre/lib/libjava.dylib
0x000000010c968000 	/Users/katsch/.p2/pool/plugins/org.eclipse.justj.openjdk.hotspot.jre.full.macosx.x86_64_14.0.2.v20200815-0932/jre/lib/libzip.dylib
0x000000010cde9000 	/Users/katsch/.p2/pool/plugins/org.eclipse.justj.openjdk.hotspot.jre.full.macosx.x86_64_14.0.2.v20200815-0932/jre/lib/libnio.dylib
0x000000010ce16000 	/Users/katsch/.p2/pool/plugins/org.eclipse.justj.openjdk.hotspot.jre.full.macosx.x86_64_14.0.2.v20200815-0932/jre/lib/libnet.dylib
0x000000010ce7d000 	/Users/katsch/.p2/pool/plugins/org.eclipse.justj.openjdk.hotspot.jre.full.macosx.x86_64_14.0.2.v20200815-0932/jre/lib/libawt.dylib
0x000000013395d000 	/Users/katsch/.p2/pool/plugins/org.eclipse.justj.openjdk.hotspot.jre.full.macosx.x86_64_14.0.2.v20200815-0932/jre/lib/libmlib_image.dylib
0x00007fff6f9f7000 	/System/Library/Frameworks/JavaNativeFoundation.framework/Versions/A/JavaNativeFoundation
0x00007fff6fa03000 	/System/Library/Frameworks/JavaRuntimeSupport.framework/Versions/A/JavaRuntimeSupport
0x00007fff3d3fd000 	/System/Library/Frameworks/Carbon.framework/Versions/A/Carbon
0x00007fff31e5e000 	/System/Library/PrivateFrameworks/CoreSymbolication.framework/Versions/A/CoreSymbolication
0x00007fff366f7000 	/System/Library/Frameworks/Carbon.framework/Versions/A/Frameworks/CommonPanels.framework/Versions/A/CommonPanels
0x00007fff33244000 	/System/Library/Frameworks/Carbon.framework/Versions/A/Frameworks/Help.framework/Versions/A/Help
0x00007fff366fb000 	/System/Library/Frameworks/Carbon.framework/Versions/A/Frameworks/ImageCapture.framework/Versions/A/ImageCapture
0x00007fff366d3000 	/System/Library/Frameworks/Carbon.framework/Versions/A/Frameworks/OpenScripting.framework/Versions/A/OpenScripting
0x00007fff366f3000 	/System/Library/Frameworks/Carbon.framework/Versions/A/Frameworks/Ink.framework/Versions/A/Ink
0x00007fff3d3f9000 	/System/Library/Frameworks/Carbon.framework/Versions/A/Frameworks/Print.framework/Versions/A/Print
0x00007fff366ef000 	/System/Library/Frameworks/Carbon.framework/Versions/A/Frameworks/SecurityHI.framework/Versions/A/SecurityHI
0x00007fff31e21000 	/System/Library/PrivateFrameworks/DebugSymbols.framework/Versions/A/DebugSymbols
0x0000000133a4a000 	/Users/katsch/.p2/pool/plugins/org.eclipse.justj.openjdk.hotspot.jre.full.macosx.x86_64_14.0.2.v20200815-0932/jre/lib/libawt_lwawt.dylib
0x000000010cfc0000 	/Users/katsch/.p2/pool/plugins/org.eclipse.justj.openjdk.hotspot.jre.full.macosx.x86_64_14.0.2.v20200815-0932/jre/lib/libosxapp.dylib
0x00007fff3c7bd000 	/System/Library/Frameworks/ExceptionHandling.framework/Versions/A/ExceptionHandling
0x0000000133cb0000 	/Users/katsch/.p2/pool/plugins/org.eclipse.justj.openjdk.hotspot.jre.full.macosx.x86_64_14.0.2.v20200815-0932/jre/lib/libfontmanager.dylib
0x0000000133efc000 	/Users/katsch/.p2/pool/plugins/org.eclipse.justj.openjdk.hotspot.jre.full.macosx.x86_64_14.0.2.v20200815-0932/jre/lib/libfreetype.dylib
0x00007fff229da000 	/System/Library/PrivateFrameworks/CoreServicesInternal.framework/Versions/A/CoreServicesInternal
0x00007fff3137a000 	/System/Library/Frameworks/FileProvider.framework/Versions/A/FileProvider
0x00007fff26018000 	/System/Library/Frameworks/Accounts.framework/Versions/A/Accounts
0x00007fff3149b000 	/System/Library/PrivateFrameworks/GenerationalStorage.framework/Versions/A/GenerationalStorage
0x00007fff30d99000 	/System/Library/PrivateFrameworks/SymptomDiagnosticReporter.framework/Versions/A/SymptomDiagnosticReporter
0x00007fff2e69f000 	/System/Library/PrivateFrameworks/AppContainer.framework/Versions/A/AppContainer
0x00007fff23b26000 	/System/Library/PrivateFrameworks/DesktopServicesPriv.framework/Versions/A/DesktopServicesPriv
0x00007fff22b0f000 	/usr/lib/libsandbox.1.dylib
0x00007fff27573000 	/System/Library/PrivateFrameworks/UserManagement.framework/Versions/A/UserManagement
0x00007fff29d7f000 	/System/Library/PrivateFrameworks/MobileKeyBag.framework/Versions/A/MobileKeyBag
0x00007fff347f4000 	/System/Library/PrivateFrameworks/ChunkingLibrary.framework/Versions/A/ChunkingLibrary
0x00007fff2e6b4000 	/System/Library/PrivateFrameworks/SecCodeWrapper.framework/Versions/A/SecCodeWrapper
0x00007fff2b143000 	/System/Library/PrivateFrameworks/CrashReporterSupport.framework/Versions/A/CrashReporterSupport
0x00007fff48577000 	/System/Library/PrivateFrameworks/OSAnalytics.framework/Versions/A/OSAnalytics
0x00007fff7838f000 	/usr/lib/libRosetta.dylib
0x00007fff331d5000 	/System/Library/PrivateFrameworks/RemoteServiceDiscovery.framework/Versions/A/RemoteServiceDiscovery
0x00007fff5254f000 	/System/Library/PrivateFrameworks/Symbolication.framework/Versions/A/Symbolication
0x00007fff331e5000 	/System/Library/PrivateFrameworks/RemoteXPC.framework/Versions/A/RemoteXPC
0x00007fff396f0000 	/System/Library/PrivateFrameworks/OSAServicesClient.framework/Versions/A/OSAServicesClient
0x00007fff3dfce000 	/System/Library/PrivateFrameworks/MallocStackLogging.framework/Versions/A/MallocStackLogging
0x00007fff2e436000 	/System/Library/PrivateFrameworks/Sharing.framework/Versions/A/Sharing
0x00007fff32db2000 	/System/Library/PrivateFrameworks/Apple80211.framework/Versions/A/Apple80211
0x00007fff2a405000 	/System/Library/PrivateFrameworks/AuthKit.framework/Versions/A/AuthKit
0x00007fff29b7f000 	/System/Library/PrivateFrameworks/CoreUtils.framework/Versions/A/CoreUtils
0x00007fff29aac000 	/System/Library/Frameworks/CoreWLAN.framework/Versions/A/CoreWLAN
0x00007fff2e57e000 	/System/Library/Frameworks/IOBluetooth.framework/Versions/A/IOBluetooth
0x00007fff32e16000 	/System/Library/PrivateFrameworks/CoreWiFi.framework/Versions/A/CoreWiFi
0x00007fff2dade000 	/System/Library/PrivateFrameworks/CorePhoneNumbers.framework/Versions/A/CorePhoneNumbers
0x00007fff30ea1000 	/System/Library/PrivateFrameworks/DiskManagement.framework/Versions/A/DiskManagement
0x00007fff30db7000 	/System/Library/PrivateFrameworks/AppleIDAuthSupport.framework/Versions/A/AppleIDAuthSupport
0x00007fff2dabb000 	/System/Library/PrivateFrameworks/KeychainCircle.framework/Versions/A/KeychainCircle
0x00007fff30e6d000 	/System/Library/PrivateFrameworks/MediaKit.framework/Versions/A/MediaKit
0x00007fff30dc4000 	/System/Library/Frameworks/DiscRecording.framework/Versions/A/DiscRecording
0x00007fff2b266000 	/usr/lib/libCoreStorage.dylib
0x00007fff33250000 	/usr/lib/libcsfde.dylib
0x00007fff2e6b8000 	/System/Library/PrivateFrameworks/ProtectedCloudStorage.framework/Versions/A/ProtectedCloudStorage
0x00007fff33248000 	/System/Library/PrivateFrameworks/EFILogin.framework/Versions/A/EFILogin
0x00007fff3383d000 	/System/Library/Frameworks/AudioUnit.framework/Versions/A/AudioUnit
0x00007fff30d36000 	/System/Library/Frameworks/CoreBluetooth.framework/Versions/A/CoreBluetooth
0x00007fff2b25e000 	/usr/lib/libMatch.1.dylib
0x00007fff44208000 	/System/Library/CoreServices/RawCamera.bundle/Contents/MacOS/RawCamera
0x00007fff2da67000 	/System/Library/PrivateFrameworks/MobileAsset.framework/Versions/A/MobileAsset
0x00007fff33862000 	/System/Library/PrivateFrameworks/StreamingZip.framework/Versions/A/StreamingZip
0x00007fff2c209000 	/System/Library/Frameworks/MediaToolbox.framework/Versions/A/MediaToolbox
0x00007fff3134c000 	/System/Library/PrivateFrameworks/CoreAVCHD.framework/Versions/A/CoreAVCHD
0x00007fff30500000 	/System/Library/Frameworks/MediaAccessibility.framework/Versions/A/MediaAccessibility
0x00007fff31348000 	/System/Library/PrivateFrameworks/Mangrove.framework/Versions/A/Mangrove
0x00007fff3050c000 	/System/Library/PrivateFrameworks/AlgosScoreFramework.framework/Versions/A/AlgosScoreFramework
0x00007fff31d11000 	/System/Library/PrivateFrameworks/AppleVPA.framework/Versions/A/AppleVPA
0x00007fff30f8d000 	/System/Library/PrivateFrameworks/CoreAUC.framework/Versions/A/CoreAUC
0x00007fff41bfb000 	/System/Library/Frameworks/Accelerate.framework/Versions/A/Frameworks/vImage.framework/Versions/A/Libraries/libCGInterfaces.dylib
0x00000001364c7000 	/usr/lib/libobjc-trampolines.dylib
0x00007fff27275000 	/System/Library/PrivateFrameworks/ViewBridge.framework/Versions/A/ViewBridge
0x00007fff2ba08000 	/System/Library/PrivateFrameworks/login.framework/Versions/A/login
0x0000000137321000 	/Users/katsch/.p2/pool/plugins/org.eclipse.justj.openjdk.hotspot.jre.full.macosx.x86_64_14.0.2.v20200815-0932/jre/lib/libosxui.dylib
0x00007fff6cd94000 	/System/Library/Frameworks/OpenGL.framework/Versions/A/Resources/GLEngine.bundle/GLEngine
0x00007fff6cbf4000 	/System/Library/Frameworks/OpenGL.framework/Versions/A/Libraries/libGLProgrammability.dylib
0x0000000138c05000 	/System/Library/Extensions/AppleMetalOpenGLRenderer.bundle/Contents/MacOS/AppleMetalOpenGLRenderer
0x00007fff6cf10000 	/System/Library/Frameworks/OpenGL.framework/Versions/A/Resources/GLRendererFloat.bundle/GLRendererFloat
0x0000000138d5a000 	/System/Library/Extensions/AGXMetal13_3.bundle/Contents/MacOS/AGXMetal13_3
0x00007fff38a4d000 	/System/Library/PrivateFrameworks/IOGPU.framework/Versions/A/IOGPU
0x00007fff6a6ed000 	/System/Library/PrivateFrameworks/GPUCompiler.framework/Versions/31001/Libraries/libmetal_timestamp.dylib
0x00007fff3053d000 	/System/Library/PrivateFrameworks/SystemAdministration.framework/Versions/A/SystemAdministration
0x00007fff2fe5c000 	/System/Library/Frameworks/DirectoryService.framework/Versions/A/DirectoryService
0x00007fff330ee000 	/System/Library/PrivateFrameworks/DiskImages.framework/Versions/A/DiskImages
0x00007fff332c2000 	/System/Library/PrivateFrameworks/LoginUIKit.framework/Versions/A/Frameworks/LoginUICore.framework/Versions/A/LoginUICore
0x00007fff2bba2000 	/usr/lib/libodfde.dylib
0x00007fff3325c000 	/usr/lib/libcurl.4.dylib
0x00007fff32fbc000 	/usr/lib/libcrypto.44.dylib
0x00007fff330c0000 	/usr/lib/libssl.46.dylib
0x00007fff32f82000 	/System/Library/Frameworks/LDAP.framework/Versions/A/LDAP
0x00007fff32fba000 	/System/Library/PrivateFrameworks/TrustEvaluationAgent.framework/Versions/A/TrustEvaluationAgent
0x00007fff2d0ca000 	/usr/lib/libsasl2.2.dylib
0x00007fff30531000 	/System/Library/PrivateFrameworks/CoreDaemon.framework/Versions/B/CoreDaemon
0x00007fff3052c000 	/System/Library/PrivateFrameworks/AppleSRP.framework/Versions/A/AppleSRP


VM Arguments:
jvm_args: -Dfile.encoding=UTF-8 -XX:+ShowCodeDetailsInExceptionMessages 
java_command: uebungen.uebung3.Uebung3
java_class_path (initial): /Users/katsch/Programmieren/Workspace/SoSe2021/bin:/Users/katsch/.p2/pool/plugins/org.junit.jupiter.api_5.6.0.v20200203-2009.jar:/Users/katsch/.p2/pool/plugins/org.junit.jupiter.engine_5.6.0.v20200203-2009.jar:/Users/katsch/.p2/pool/plugins/org.junit.jupiter.migrationsupport_5.6.0.v20200203-2009.jar:/Users/katsch/.p2/pool/plugins/org.junit.jupiter.params_5.6.0.v20200203-2009.jar:/Users/katsch/.p2/pool/plugins/org.junit.platform.commons_1.6.0.v20200203-2009.jar:/Users/katsch/.p2/pool/plugins/org.junit.platform.engine_1.6.0.v20200203-2009.jar:/Users/katsch/.p2/pool/plugins/org.junit.platform.launcher_1.6.0.v20200203-2009.jar:/Users/katsch/.p2/pool/plugins/org.junit.platform.runner_1.6.0.v20200203-2009.jar:/Users/katsch/.p2/pool/plugins/org.junit.platform.suite.api_1.6.0.v20200203-2009.jar:/Users/katsch/.p2/pool/plugins/org.junit.vintage.engine_5.6.0.v20200203-2009.jar:/Users/katsch/.p2/pool/plugins/org.opentest4j_1.2.0.v20190826-0900.jar:/Users/katsch/.p2/pool/plugins/org.apiguardian_1.1.0.v20190826-0900.jar:/Users/katsch/.p2/pool/plugins/org.junit_4.13.0.v20200204-1500.jar:/Users/katsch/.p2/pool/plugins/org.hamcrest.core_1.3.0.v20180420-1519.jar
Launcher Type: SUN_STANDARD

[Global flags]
     intx CICompilerCount                          = 4                                         {product} {ergonomic}
     uint ConcGCThreads                            = 2                                         {product} {ergonomic}
     uint G1ConcRefinementThreads                  = 8                                         {product} {ergonomic}
   size_t G1HeapRegionSize                         = 1048576                                   {product} {ergonomic}
    uintx GCDrainStackTargetSize                   = 64                                        {product} {ergonomic}
   size_t InitialHeapSize                          = 268435456                                 {product} {ergonomic}
   size_t MarkStackSize                            = 4194304                                   {product} {ergonomic}
   size_t MaxHeapSize                              = 4294967296                                {product} {ergonomic}
   size_t MaxNewSize                               = 2576351232                                {product} {ergonomic}
   size_t MinHeapDeltaBytes                        = 1048576                                   {product} {ergonomic}
   size_t MinHeapSize                              = 8388608                                   {product} {ergonomic}
    uintx NonNMethodCodeHeapSize                   = 5839372                                {pd product} {ergonomic}
    uintx NonProfiledCodeHeapSize                  = 122909434                              {pd product} {ergonomic}
    uintx ProfiledCodeHeapSize                     = 122909434                              {pd product} {ergonomic}
    uintx ReservedCodeCacheSize                    = 251658240                              {pd product} {ergonomic}
     bool SegmentedCodeCache                       = true                                      {product} {ergonomic}
     bool ShowCodeDetailsInExceptionMessages       = true                                   {manageable} {command line}
   size_t SoftMaxHeapSize                          = 4294967296                             {manageable} {ergonomic}
     bool UseCompressedClassPointers               = true                                 {lp64_product} {ergonomic}
     bool UseCompressedOops                        = true                                 {lp64_product} {ergonomic}
     bool UseG1GC                                  = true                                      {product} {ergonomic}

Logging:
Log output configuration:
 #0: stdout all=warning uptime,level,tags
 #1: stderr all=off uptime,level,tags

Environment Variables:
PATH=/usr/bin:/bin:/usr/sbin:/sbin
SHELL=/bin/bash

Signal Handlers:
SIGSEGV: [libjvm.dylib+0x7415c8], sa_mask[0]=11111111111111111111111111111111, sa_flags=SA_ONSTACK|SA_RESTART|SA_SIGINFO
SIGBUS: [libjvm.dylib+0x7415c8], sa_mask[0]=11111111111111111111111111111111, sa_flags=SA_RESTART|SA_SIGINFO
SIGFPE: [libjvm.dylib+0x7415c8], sa_mask[0]=11111111111111111111111111111111, sa_flags=SA_RESTART|SA_SIGINFO
SIGPIPE: [libjvm.dylib+0x5eb4c1], sa_mask[0]=11111111111111111111111111111111, sa_flags=SA_RESTART|SA_SIGINFO
SIGXFSZ: [libjvm.dylib+0x5eb4c1], sa_mask[0]=11111111111111111111111111111111, sa_flags=SA_RESTART|SA_SIGINFO
SIGILL: [libjvm.dylib+0x7415c8], sa_mask[0]=11111111111111111111111111111111, sa_flags=SA_RESTART|SA_SIGINFO
SIGUSR2: [libjvm.dylib+0x5eba93], sa_mask[0]=00100000000000000000000000000000, sa_flags=SA_RESTART|SA_SIGINFO
SIGHUP: [libjvm.dylib+0x5eaaf5], sa_mask[0]=11111111111111111111111111111111, sa_flags=SA_RESTART|SA_SIGINFO
SIGINT: [libjvm.dylib+0x5eaaf5], sa_mask[0]=11111111111111111111111111111111, sa_flags=SA_RESTART|SA_SIGINFO
SIGTERM: [libjvm.dylib+0x5eaaf5], sa_mask[0]=11111111111111111111111111111111, sa_flags=SA_RESTART|SA_SIGINFO
SIGQUIT: [libjvm.dylib+0x5eaaf5], sa_mask[0]=11111111111111111111111111111111, sa_flags=SA_RESTART|SA_SIGINFO


---------------  S Y S T E M  ---------------

OS:uname:Darwin 20.3.0 Darwin Kernel Version 20.3.0: Thu Jan 21 00:06:51 PST 2021; root:xnu-7195.81.3~1/RELEASE_ARM64_T8101 x86_64
OS uptime: 4 days 1:05 hours
rlimit: STACK 8176k, CORE 0k, NPROC 2666, NOFILE 10240, AS infinity, DATA infinity, FSIZE infinity
load average:2.29 2.02 1.93

CPU:total 8 (initial active 8) (1 cores per cpu, 1 threads per core) family 6 model 44 stepping 0, cmov, cx8, fxsr, mmx, sse, sse2, sse3, ssse3, sse4.1, sse4.2, popcnt, aes, clmul, tsc, tscinvbit, tscinv

Memory: 4k page, physical 16777216k(856204k free), swap 2097152k(1313792k free)

vm_info: OpenJDK 64-Bit Server VM (14.0.2+12-46) for bsd-amd64 JRE (14.0.2+12-46), built on Jul  8 2020 23:34:30 by "mach5one" with clang 4.2.1 Compatible Apple LLVM 10.0.0 (clang-1000.11.45.5)

END.
